The system is: Darwin - 20.6.0 - x86_64
Compiling the C compiler identification source file "CMakeCCompilerId.c" succeeded.
Compiler: /Library/Developer/CommandLineTools/usr/bin/cc 
Build flags: 
Id flags: -c 

The output was:
0


Compilation of the C compiler identification source "CMakeCCompilerId.c" produced "CMakeCCompilerId.o"

The C compiler identification is AppleClang, found in "/Users/maiwenn/Documents/projet/Shaderpixel/libs/fftw-3.3.10/CMakeFiles/3.19.3/CompilerIdC/CMakeCCompilerId.o"

Compiling the CXX compiler identification source file "CMakeCXXCompilerId.cpp" succeeded.
Compiler: /Library/Developer/CommandLineTools/usr/bin/c++ 
Build flags: 
Id flags: -c 

The output was:
0


Compilation of the CXX compiler identification source "CMakeCXXCompilerId.cpp" produced "CMakeCXXCompilerId.o"

The CXX compiler identification is AppleClang, found in "/Users/maiwenn/Documents/projet/Shaderpixel/libs/fftw-3.3.10/CMakeFiles/3.19.3/CompilerIdCXX/CMakeCXXCompilerId.o"

Detecting C compiler ABI info compiled with the following output:
Change Dir: /Users/maiwenn/Documents/projet/Shaderpixel/libs/fftw-3.3.10/CMakeFiles/CMakeTmp

Run Build Command(s):/usr/bin/make cmTC_5c2df/fast && /Library/Developer/CommandLineTools/usr/bin/make  -f CMakeFiles/cmTC_5c2df.dir/build.make CMakeFiles/cmTC_5c2df.dir/build
Building C object CMakeFiles/cmTC_5c2df.dir/CMakeCCompilerABI.c.o
/Library/Developer/CommandLineTools/usr/bin/cc   -isysroot /Library/Developer/CommandLineTools/SDKs/MacOSX11.0.sdk   -v -Wl,-v -o CMakeFiles/cmTC_5c2df.dir/CMakeCCompilerABI.c.o -c /usr/local/Cellar/cmake/3.19.3/share/cmake/Modules/CMakeCCompilerABI.c
Apple clang version 12.0.0 (clang-1200.0.31.1)
Target: x86_64-apple-darwin20.6.0
Thread model: posix
InstalledDir: /Library/Developer/CommandLineTools/usr/bin
clang: warning: -Wl,-v: 'linker' input unused [-Wunused-command-line-argument]
 "/Library/Developer/CommandLineTools/usr/bin/clang" -cc1 -triple x86_64-apple-macosx11.0.0 -Wdeprecated-objc-isa-usage -Werror=deprecated-objc-isa-usage -Werror=implicit-function-declaration -emit-obj -mrelax-all -disable-free -disable-llvm-verifier -discard-value-names -main-file-name CMakeCCompilerABI.c -mrelocation-model pic -pic-level 2 -mthread-model posix -mframe-pointer=all -fno-strict-return -masm-verbose -munwind-tables -target-sdk-version=11.0 -target-cpu penryn -dwarf-column-info -debugger-tuning=lldb -target-linker-version 609 -v -resource-dir /Library/Developer/CommandLineTools/usr/lib/clang/12.0.0 -isysroot /Library/Developer/CommandLineTools/SDKs/MacOSX11.0.sdk -internal-isystem /Library/Developer/CommandLineTools/SDKs/MacOSX11.0.sdk/usr/local/include -internal-isystem /Library/Developer/CommandLineTools/usr/lib/clang/12.0.0/include -internal-externc-isystem /Library/Developer/CommandLineTools/SDKs/MacOSX11.0.sdk/usr/include -internal-externc-isystem /Library/Developer/CommandLineTools/usr/include -Wno-reorder-init-list -Wno-implicit-int-float-conversion -Wno-c99-designator -Wno-final-dtor-non-final-class -Wno-extra-semi-stmt -Wno-misleading-indentation -Wno-quoted-include-in-framework-header -Wno-implicit-fallthrough -Wno-enum-enum-conversion -Wno-enum-float-conversion -fdebug-compilation-dir /Users/maiwenn/Documents/projet/Shaderpixel/libs/fftw-3.3.10/CMakeFiles/CMakeTmp -ferror-limit 19 -fmessage-length 0 -stack-protector 1 -fstack-check -mdarwin-stkchk-strong-link -fblocks -fencode-extended-block-signature -fregister-global-dtors-with-atexit -fgnuc-version=4.2.1 -fobjc-runtime=macosx-11.0.0 -fmax-type-align=16 -fdiagnostics-show-option -o CMakeFiles/cmTC_5c2df.dir/CMakeCCompilerABI.c.o -x c /usr/local/Cellar/cmake/3.19.3/share/cmake/Modules/CMakeCCompilerABI.c
clang -cc1 version 12.0.0 (clang-1200.0.31.1) default target x86_64-apple-darwin20.6.0
ignoring nonexistent directory "/Library/Developer/CommandLineTools/SDKs/MacOSX11.0.sdk/usr/local/include"
ignoring nonexistent directory "/Library/Developer/CommandLineTools/SDKs/MacOSX11.0.sdk/Library/Frameworks"
#include "..." search starts here:
#include <...> search starts here:
 /Library/Developer/CommandLineTools/usr/lib/clang/12.0.0/include
 /Library/Developer/CommandLineTools/SDKs/MacOSX11.0.sdk/usr/include
 /Library/Developer/CommandLineTools/usr/include
 /Library/Developer/CommandLineTools/SDKs/MacOSX11.0.sdk/System/Library/Frameworks (framework directory)
End of search list.
Linking C executable cmTC_5c2df
/usr/local/Cellar/cmake/3.19.3/bin/cmake -E cmake_link_script CMakeFiles/cmTC_5c2df.dir/link.txt --verbose=1
/Library/Developer/CommandLineTools/usr/bin/cc  -isysroot /Library/Developer/CommandLineTools/SDKs/MacOSX11.0.sdk -Wl,-search_paths_first -Wl,-headerpad_max_install_names  -v -Wl,-v CMakeFiles/cmTC_5c2df.dir/CMakeCCompilerABI.c.o -o cmTC_5c2df 
Apple clang version 12.0.0 (clang-1200.0.31.1)
Target: x86_64-apple-darwin20.6.0
Thread model: posix
InstalledDir: /Library/Developer/CommandLineTools/usr/bin
 "/Library/Developer/CommandLineTools/usr/bin/ld" -demangle -lto_library /Library/Developer/CommandLineTools/usr/lib/libLTO.dylib -dynamic -arch x86_64 -platform_version macos 11.0.0 11.0 -syslibroot /Library/Developer/CommandLineTools/SDKs/MacOSX11.0.sdk -o cmTC_5c2df -search_paths_first -headerpad_max_install_names -v CMakeFiles/cmTC_5c2df.dir/CMakeCCompilerABI.c.o -lSystem /Library/Developer/CommandLineTools/usr/lib/clang/12.0.0/lib/darwin/libclang_rt.osx.a
@(#)PROGRAM:ld  PROJECT:ld64-609
BUILD 04:42:03 Aug 10 2020
configured to support archs: armv6 armv7 armv7s arm64 arm64e arm64_32 i386 x86_64 x86_64h armv6m armv7k armv7m armv7em
Library search paths:
	/Library/Developer/CommandLineTools/SDKs/MacOSX11.0.sdk/usr/lib
Framework search paths:
	/Library/Developer/CommandLineTools/SDKs/MacOSX11.0.sdk/System/Library/Frameworks/



Parsed C implicit include dir info from above output: rv=done
  found start of include info
  found start of implicit include info
    add: [/Library/Developer/CommandLineTools/usr/lib/clang/12.0.0/include]
    add: [/Library/Developer/CommandLineTools/SDKs/MacOSX11.0.sdk/usr/include]
    add: [/Library/Developer/CommandLineTools/usr/include]
  end of search list found
  collapse include dir [/Library/Developer/CommandLineTools/usr/lib/clang/12.0.0/include] ==> [/Library/Developer/CommandLineTools/usr/lib/clang/12.0.0/include]
  collapse include dir [/Library/Developer/CommandLineTools/SDKs/MacOSX11.0.sdk/usr/include] ==> [/Library/Developer/CommandLineTools/SDKs/MacOSX11.0.sdk/usr/include]
  collapse include dir [/Library/Developer/CommandLineTools/usr/include] ==> [/Library/Developer/CommandLineTools/usr/include]
  implicit include dirs: [/Library/Developer/CommandLineTools/usr/lib/clang/12.0.0/include;/Library/Developer/CommandLineTools/SDKs/MacOSX11.0.sdk/usr/include;/Library/Developer/CommandLineTools/usr/include]


Parsed C implicit link information from above output:
  link line regex: [^( *|.*[/\])(ld|CMAKE_LINK_STARTFILE-NOTFOUND|([^/\]+-)?ld|collect2)[^/\]*( |$)]
  ignore line: [Change Dir: /Users/maiwenn/Documents/projet/Shaderpixel/libs/fftw-3.3.10/CMakeFiles/CMakeTmp]
  ignore line: []
  ignore line: [Run Build Command(s):/usr/bin/make cmTC_5c2df/fast && /Library/Developer/CommandLineTools/usr/bin/make  -f CMakeFiles/cmTC_5c2df.dir/build.make CMakeFiles/cmTC_5c2df.dir/build]
  ignore line: [Building C object CMakeFiles/cmTC_5c2df.dir/CMakeCCompilerABI.c.o]
  ignore line: [/Library/Developer/CommandLineTools/usr/bin/cc   -isysroot /Library/Developer/CommandLineTools/SDKs/MacOSX11.0.sdk   -v -Wl -v -o CMakeFiles/cmTC_5c2df.dir/CMakeCCompilerABI.c.o -c /usr/local/Cellar/cmake/3.19.3/share/cmake/Modules/CMakeCCompilerABI.c]
  ignore line: [Apple clang version 12.0.0 (clang-1200.0.31.1)]
  ignore line: [Target: x86_64-apple-darwin20.6.0]
  ignore line: [Thread model: posix]
  ignore line: [InstalledDir: /Library/Developer/CommandLineTools/usr/bin]
  ignore line: [clang: warning: -Wl -v: 'linker' input unused [-Wunused-command-line-argument]]
  ignore line: [ "/Library/Developer/CommandLineTools/usr/bin/clang" -cc1 -triple x86_64-apple-macosx11.0.0 -Wdeprecated-objc-isa-usage -Werror=deprecated-objc-isa-usage -Werror=implicit-function-declaration -emit-obj -mrelax-all -disable-free -disable-llvm-verifier -discard-value-names -main-file-name CMakeCCompilerABI.c -mrelocation-model pic -pic-level 2 -mthread-model posix -mframe-pointer=all -fno-strict-return -masm-verbose -munwind-tables -target-sdk-version=11.0 -target-cpu penryn -dwarf-column-info -debugger-tuning=lldb -target-linker-version 609 -v -resource-dir /Library/Developer/CommandLineTools/usr/lib/clang/12.0.0 -isysroot /Library/Developer/CommandLineTools/SDKs/MacOSX11.0.sdk -internal-isystem /Library/Developer/CommandLineTools/SDKs/MacOSX11.0.sdk/usr/local/include -internal-isystem /Library/Developer/CommandLineTools/usr/lib/clang/12.0.0/include -internal-externc-isystem /Library/Developer/CommandLineTools/SDKs/MacOSX11.0.sdk/usr/include -internal-externc-isystem /Library/Developer/CommandLineTools/usr/include -Wno-reorder-init-list -Wno-implicit-int-float-conversion -Wno-c99-designator -Wno-final-dtor-non-final-class -Wno-extra-semi-stmt -Wno-misleading-indentation -Wno-quoted-include-in-framework-header -Wno-implicit-fallthrough -Wno-enum-enum-conversion -Wno-enum-float-conversion -fdebug-compilation-dir /Users/maiwenn/Documents/projet/Shaderpixel/libs/fftw-3.3.10/CMakeFiles/CMakeTmp -ferror-limit 19 -fmessage-length 0 -stack-protector 1 -fstack-check -mdarwin-stkchk-strong-link -fblocks -fencode-extended-block-signature -fregister-global-dtors-with-atexit -fgnuc-version=4.2.1 -fobjc-runtime=macosx-11.0.0 -fmax-type-align=16 -fdiagnostics-show-option -o CMakeFiles/cmTC_5c2df.dir/CMakeCCompilerABI.c.o -x c /usr/local/Cellar/cmake/3.19.3/share/cmake/Modules/CMakeCCompilerABI.c]
  ignore line: [clang -cc1 version 12.0.0 (clang-1200.0.31.1) default target x86_64-apple-darwin20.6.0]
  ignore line: [ignoring nonexistent directory "/Library/Developer/CommandLineTools/SDKs/MacOSX11.0.sdk/usr/local/include"]
  ignore line: [ignoring nonexistent directory "/Library/Developer/CommandLineTools/SDKs/MacOSX11.0.sdk/Library/Frameworks"]
  ignore line: [#include "..." search starts here:]
  ignore line: [#include <...> search starts here:]
  ignore line: [ /Library/Developer/CommandLineTools/usr/lib/clang/12.0.0/include]
  ignore line: [ /Library/Developer/CommandLineTools/SDKs/MacOSX11.0.sdk/usr/include]
  ignore line: [ /Library/Developer/CommandLineTools/usr/include]
  ignore line: [ /Library/Developer/CommandLineTools/SDKs/MacOSX11.0.sdk/System/Library/Frameworks (framework directory)]
  ignore line: [End of search list.]
  ignore line: [Linking C executable cmTC_5c2df]
  ignore line: [/usr/local/Cellar/cmake/3.19.3/bin/cmake -E cmake_link_script CMakeFiles/cmTC_5c2df.dir/link.txt --verbose=1]
  ignore line: [/Library/Developer/CommandLineTools/usr/bin/cc  -isysroot /Library/Developer/CommandLineTools/SDKs/MacOSX11.0.sdk -Wl -search_paths_first -Wl -headerpad_max_install_names  -v -Wl -v CMakeFiles/cmTC_5c2df.dir/CMakeCCompilerABI.c.o -o cmTC_5c2df ]
  ignore line: [Apple clang version 12.0.0 (clang-1200.0.31.1)]
  ignore line: [Target: x86_64-apple-darwin20.6.0]
  ignore line: [Thread model: posix]
  ignore line: [InstalledDir: /Library/Developer/CommandLineTools/usr/bin]
  link line: [ "/Library/Developer/CommandLineTools/usr/bin/ld" -demangle -lto_library /Library/Developer/CommandLineTools/usr/lib/libLTO.dylib -dynamic -arch x86_64 -platform_version macos 11.0.0 11.0 -syslibroot /Library/Developer/CommandLineTools/SDKs/MacOSX11.0.sdk -o cmTC_5c2df -search_paths_first -headerpad_max_install_names -v CMakeFiles/cmTC_5c2df.dir/CMakeCCompilerABI.c.o -lSystem /Library/Developer/CommandLineTools/usr/lib/clang/12.0.0/lib/darwin/libclang_rt.osx.a]
    arg [/Library/Developer/CommandLineTools/usr/bin/ld] ==> ignore
    arg [-demangle] ==> ignore
    arg [-lto_library] ==> ignore, skip following value
    arg [/Library/Developer/CommandLineTools/usr/lib/libLTO.dylib] ==> skip value of -lto_library
    arg [-dynamic] ==> ignore
    arg [-arch] ==> ignore
    arg [x86_64] ==> ignore
    arg [-platform_version] ==> ignore
    arg [macos] ==> ignore
    arg [11.0.0] ==> ignore
    arg [11.0] ==> ignore
    arg [-syslibroot] ==> ignore
    arg [/Library/Developer/CommandLineTools/SDKs/MacOSX11.0.sdk] ==> ignore
    arg [-o] ==> ignore
    arg [cmTC_5c2df] ==> ignore
    arg [-search_paths_first] ==> ignore
    arg [-headerpad_max_install_names] ==> ignore
    arg [-v] ==> ignore
    arg [CMakeFiles/cmTC_5c2df.dir/CMakeCCompilerABI.c.o] ==> ignore
    arg [-lSystem] ==> lib [System]
    arg [/Library/Developer/CommandLineTools/usr/lib/clang/12.0.0/lib/darwin/libclang_rt.osx.a] ==> lib [/Library/Developer/CommandLineTools/usr/lib/clang/12.0.0/lib/darwin/libclang_rt.osx.a]
  Library search paths: [;/Library/Developer/CommandLineTools/SDKs/MacOSX11.0.sdk/usr/lib]
  Framework search paths: [;/Library/Developer/CommandLineTools/SDKs/MacOSX11.0.sdk/System/Library/Frameworks/]
  remove lib [System]
  remove lib [/Library/Developer/CommandLineTools/usr/lib/clang/12.0.0/lib/darwin/libclang_rt.osx.a]
  collapse library dir [/Library/Developer/CommandLineTools/SDKs/MacOSX11.0.sdk/usr/lib] ==> [/Library/Developer/CommandLineTools/SDKs/MacOSX11.0.sdk/usr/lib]
  collapse framework dir [/Library/Developer/CommandLineTools/SDKs/MacOSX11.0.sdk/System/Library/Frameworks/] ==> [/Library/Developer/CommandLineTools/SDKs/MacOSX11.0.sdk/System/Library/Frameworks]
  implicit libs: []
  implicit dirs: [/Library/Developer/CommandLineTools/SDKs/MacOSX11.0.sdk/usr/lib]
  implicit fwks: [/Library/Developer/CommandLineTools/SDKs/MacOSX11.0.sdk/System/Library/Frameworks]


Detecting CXX compiler ABI info compiled with the following output:
Change Dir: /Users/maiwenn/Documents/projet/Shaderpixel/libs/fftw-3.3.10/CMakeFiles/CMakeTmp

Run Build Command(s):/usr/bin/make cmTC_407c1/fast && /Library/Developer/CommandLineTools/usr/bin/make  -f CMakeFiles/cmTC_407c1.dir/build.make CMakeFiles/cmTC_407c1.dir/build
Building CXX object CMakeFiles/cmTC_407c1.dir/CMakeCXXCompilerABI.cpp.o
/Library/Developer/CommandLineTools/usr/bin/c++   -isysroot /Library/Developer/CommandLineTools/SDKs/MacOSX11.0.sdk   -v -Wl,-v -o CMakeFiles/cmTC_407c1.dir/CMakeCXXCompilerABI.cpp.o -c /usr/local/Cellar/cmake/3.19.3/share/cmake/Modules/CMakeCXXCompilerABI.cpp
Apple clang version 12.0.0 (clang-1200.0.31.1)
Target: x86_64-apple-darwin20.6.0
Thread model: posix
InstalledDir: /Library/Developer/CommandLineTools/usr/bin
clang: warning: -Wl,-v: 'linker' input unused [-Wunused-command-line-argument]
ignoring nonexistent directory "/Library/Developer/CommandLineTools/SDKs/MacOSX11.0.sdk/usr/include/c++/v1"
 "/Library/Developer/CommandLineTools/usr/bin/clang" -cc1 -triple x86_64-apple-macosx11.0.0 -Wdeprecated-objc-isa-usage -Werror=deprecated-objc-isa-usage -Werror=implicit-function-declaration -emit-obj -mrelax-all -disable-free -disable-llvm-verifier -discard-value-names -main-file-name CMakeCXXCompilerABI.cpp -mrelocation-model pic -pic-level 2 -mthread-model posix -mframe-pointer=all -fno-strict-return -masm-verbose -munwind-tables -target-sdk-version=11.0 -target-cpu penryn -dwarf-column-info -debugger-tuning=lldb -target-linker-version 609 -v -resource-dir /Library/Developer/CommandLineTools/usr/lib/clang/12.0.0 -isysroot /Library/Developer/CommandLineTools/SDKs/MacOSX11.0.sdk -stdlib=libc++ -internal-isystem /Library/Developer/CommandLineTools/usr/bin/../include/c++/v1 -internal-isystem /Library/Developer/CommandLineTools/SDKs/MacOSX11.0.sdk/usr/local/include -internal-isystem /Library/Developer/CommandLineTools/usr/lib/clang/12.0.0/include -internal-externc-isystem /Library/Developer/CommandLineTools/SDKs/MacOSX11.0.sdk/usr/include -internal-externc-isystem /Library/Developer/CommandLineTools/usr/include -Wno-reorder-init-list -Wno-implicit-int-float-conversion -Wno-c99-designator -Wno-final-dtor-non-final-class -Wno-extra-semi-stmt -Wno-misleading-indentation -Wno-quoted-include-in-framework-header -Wno-implicit-fallthrough -Wno-enum-enum-conversion -Wno-enum-float-conversion -fdeprecated-macro -fdebug-compilation-dir /Users/maiwenn/Documents/projet/Shaderpixel/libs/fftw-3.3.10/CMakeFiles/CMakeTmp -ferror-limit 19 -fmessage-length 0 -stack-protector 1 -fstack-check -mdarwin-stkchk-strong-link -fblocks -fencode-extended-block-signature -fregister-global-dtors-with-atexit -fgnuc-version=4.2.1 -fobjc-runtime=macosx-11.0.0 -fcxx-exceptions -fexceptions -fmax-type-align=16 -fdiagnostics-show-option -o CMakeFiles/cmTC_407c1.dir/CMakeCXXCompilerABI.cpp.o -x c++ /usr/local/Cellar/cmake/3.19.3/share/cmake/Modules/CMakeCXXCompilerABI.cpp
clang -cc1 version 12.0.0 (clang-1200.0.31.1) default target x86_64-apple-darwin20.6.0
ignoring nonexistent directory "/Library/Developer/CommandLineTools/SDKs/MacOSX11.0.sdk/usr/local/include"
ignoring nonexistent directory "/Library/Developer/CommandLineTools/SDKs/MacOSX11.0.sdk/Library/Frameworks"
#include "..." search starts here:
#include <...> search starts here:
 /Library/Developer/CommandLineTools/usr/bin/../include/c++/v1
 /Library/Developer/CommandLineTools/usr/lib/clang/12.0.0/include
 /Library/Developer/CommandLineTools/SDKs/MacOSX11.0.sdk/usr/include
 /Library/Developer/CommandLineTools/usr/include
 /Library/Developer/CommandLineTools/SDKs/MacOSX11.0.sdk/System/Library/Frameworks (framework directory)
End of search list.
Linking CXX executable cmTC_407c1
/usr/local/Cellar/cmake/3.19.3/bin/cmake -E cmake_link_script CMakeFiles/cmTC_407c1.dir/link.txt --verbose=1
/Library/Developer/CommandLineTools/usr/bin/c++  -isysroot /Library/Developer/CommandLineTools/SDKs/MacOSX11.0.sdk -Wl,-search_paths_first -Wl,-headerpad_max_install_names  -v -Wl,-v CMakeFiles/cmTC_407c1.dir/CMakeCXXCompilerABI.cpp.o -o cmTC_407c1 
Apple clang version 12.0.0 (clang-1200.0.31.1)
Target: x86_64-apple-darwin20.6.0
Thread model: posix
InstalledDir: /Library/Developer/CommandLineTools/usr/bin
 "/Library/Developer/CommandLineTools/usr/bin/ld" -demangle -lto_library /Library/Developer/CommandLineTools/usr/lib/libLTO.dylib -dynamic -arch x86_64 -platform_version macos 11.0.0 11.0 -syslibroot /Library/Developer/CommandLineTools/SDKs/MacOSX11.0.sdk -o cmTC_407c1 -search_paths_first -headerpad_max_install_names -v CMakeFiles/cmTC_407c1.dir/CMakeCXXCompilerABI.cpp.o -lc++ -lSystem /Library/Developer/CommandLineTools/usr/lib/clang/12.0.0/lib/darwin/libclang_rt.osx.a
@(#)PROGRAM:ld  PROJECT:ld64-609
BUILD 04:42:03 Aug 10 2020
configured to support archs: armv6 armv7 armv7s arm64 arm64e arm64_32 i386 x86_64 x86_64h armv6m armv7k armv7m armv7em
Library search paths:
	/Library/Developer/CommandLineTools/SDKs/MacOSX11.0.sdk/usr/lib
Framework search paths:
	/Library/Developer/CommandLineTools/SDKs/MacOSX11.0.sdk/System/Library/Frameworks/



Parsed CXX implicit include dir info from above output: rv=done
  found start of include info
  found start of implicit include info
    add: [/Library/Developer/CommandLineTools/usr/bin/../include/c++/v1]
    add: [/Library/Developer/CommandLineTools/usr/lib/clang/12.0.0/include]
    add: [/Library/Developer/CommandLineTools/SDKs/MacOSX11.0.sdk/usr/include]
    add: [/Library/Developer/CommandLineTools/usr/include]
  end of search list found
  collapse include dir [/Library/Developer/CommandLineTools/usr/bin/../include/c++/v1] ==> [/Library/Developer/CommandLineTools/usr/include/c++/v1]
  collapse include dir [/Library/Developer/CommandLineTools/usr/lib/clang/12.0.0/include] ==> [/Library/Developer/CommandLineTools/usr/lib/clang/12.0.0/include]
  collapse include dir [/Library/Developer/CommandLineTools/SDKs/MacOSX11.0.sdk/usr/include] ==> [/Library/Developer/CommandLineTools/SDKs/MacOSX11.0.sdk/usr/include]
  collapse include dir [/Library/Developer/CommandLineTools/usr/include] ==> [/Library/Developer/CommandLineTools/usr/include]
  implicit include dirs: [/Library/Developer/CommandLineTools/usr/include/c++/v1;/Library/Developer/CommandLineTools/usr/lib/clang/12.0.0/include;/Library/Developer/CommandLineTools/SDKs/MacOSX11.0.sdk/usr/include;/Library/Developer/CommandLineTools/usr/include]


Parsed CXX implicit link information from above output:
  link line regex: [^( *|.*[/\])(ld|CMAKE_LINK_STARTFILE-NOTFOUND|([^/\]+-)?ld|collect2)[^/\]*( |$)]
  ignore line: [Change Dir: /Users/maiwenn/Documents/projet/Shaderpixel/libs/fftw-3.3.10/CMakeFiles/CMakeTmp]
  ignore line: []
  ignore line: [Run Build Command(s):/usr/bin/make cmTC_407c1/fast && /Library/Developer/CommandLineTools/usr/bin/make  -f CMakeFiles/cmTC_407c1.dir/build.make CMakeFiles/cmTC_407c1.dir/build]
  ignore line: [Building CXX object CMakeFiles/cmTC_407c1.dir/CMakeCXXCompilerABI.cpp.o]
  ignore line: [/Library/Developer/CommandLineTools/usr/bin/c++   -isysroot /Library/Developer/CommandLineTools/SDKs/MacOSX11.0.sdk   -v -Wl -v -o CMakeFiles/cmTC_407c1.dir/CMakeCXXCompilerABI.cpp.o -c /usr/local/Cellar/cmake/3.19.3/share/cmake/Modules/CMakeCXXCompilerABI.cpp]
  ignore line: [Apple clang version 12.0.0 (clang-1200.0.31.1)]
  ignore line: [Target: x86_64-apple-darwin20.6.0]
  ignore line: [Thread model: posix]
  ignore line: [InstalledDir: /Library/Developer/CommandLineTools/usr/bin]
  ignore line: [clang: warning: -Wl -v: 'linker' input unused [-Wunused-command-line-argument]]
  ignore line: [ignoring nonexistent directory "/Library/Developer/CommandLineTools/SDKs/MacOSX11.0.sdk/usr/include/c++/v1"]
  ignore line: [ "/Library/Developer/CommandLineTools/usr/bin/clang" -cc1 -triple x86_64-apple-macosx11.0.0 -Wdeprecated-objc-isa-usage -Werror=deprecated-objc-isa-usage -Werror=implicit-function-declaration -emit-obj -mrelax-all -disable-free -disable-llvm-verifier -discard-value-names -main-file-name CMakeCXXCompilerABI.cpp -mrelocation-model pic -pic-level 2 -mthread-model posix -mframe-pointer=all -fno-strict-return -masm-verbose -munwind-tables -target-sdk-version=11.0 -target-cpu penryn -dwarf-column-info -debugger-tuning=lldb -target-linker-version 609 -v -resource-dir /Library/Developer/CommandLineTools/usr/lib/clang/12.0.0 -isysroot /Library/Developer/CommandLineTools/SDKs/MacOSX11.0.sdk -stdlib=libc++ -internal-isystem /Library/Developer/CommandLineTools/usr/bin/../include/c++/v1 -internal-isystem /Library/Developer/CommandLineTools/SDKs/MacOSX11.0.sdk/usr/local/include -internal-isystem /Library/Developer/CommandLineTools/usr/lib/clang/12.0.0/include -internal-externc-isystem /Library/Developer/CommandLineTools/SDKs/MacOSX11.0.sdk/usr/include -internal-externc-isystem /Library/Developer/CommandLineTools/usr/include -Wno-reorder-init-list -Wno-implicit-int-float-conversion -Wno-c99-designator -Wno-final-dtor-non-final-class -Wno-extra-semi-stmt -Wno-misleading-indentation -Wno-quoted-include-in-framework-header -Wno-implicit-fallthrough -Wno-enum-enum-conversion -Wno-enum-float-conversion -fdeprecated-macro -fdebug-compilation-dir /Users/maiwenn/Documents/projet/Shaderpixel/libs/fftw-3.3.10/CMakeFiles/CMakeTmp -ferror-limit 19 -fmessage-length 0 -stack-protector 1 -fstack-check -mdarwin-stkchk-strong-link -fblocks -fencode-extended-block-signature -fregister-global-dtors-with-atexit -fgnuc-version=4.2.1 -fobjc-runtime=macosx-11.0.0 -fcxx-exceptions -fexceptions -fmax-type-align=16 -fdiagnostics-show-option -o CMakeFiles/cmTC_407c1.dir/CMakeCXXCompilerABI.cpp.o -x c++ /usr/local/Cellar/cmake/3.19.3/share/cmake/Modules/CMakeCXXCompilerABI.cpp]
  ignore line: [clang -cc1 version 12.0.0 (clang-1200.0.31.1) default target x86_64-apple-darwin20.6.0]
  ignore line: [ignoring nonexistent directory "/Library/Developer/CommandLineTools/SDKs/MacOSX11.0.sdk/usr/local/include"]
  ignore line: [ignoring nonexistent directory "/Library/Developer/CommandLineTools/SDKs/MacOSX11.0.sdk/Library/Frameworks"]
  ignore line: [#include "..." search starts here:]
  ignore line: [#include <...> search starts here:]
  ignore line: [ /Library/Developer/CommandLineTools/usr/bin/../include/c++/v1]
  ignore line: [ /Library/Developer/CommandLineTools/usr/lib/clang/12.0.0/include]
  ignore line: [ /Library/Developer/CommandLineTools/SDKs/MacOSX11.0.sdk/usr/include]
  ignore line: [ /Library/Developer/CommandLineTools/usr/include]
  ignore line: [ /Library/Developer/CommandLineTools/SDKs/MacOSX11.0.sdk/System/Library/Frameworks (framework directory)]
  ignore line: [End of search list.]
  ignore line: [Linking CXX executable cmTC_407c1]
  ignore line: [/usr/local/Cellar/cmake/3.19.3/bin/cmake -E cmake_link_script CMakeFiles/cmTC_407c1.dir/link.txt --verbose=1]
  ignore line: [/Library/Developer/CommandLineTools/usr/bin/c++  -isysroot /Library/Developer/CommandLineTools/SDKs/MacOSX11.0.sdk -Wl -search_paths_first -Wl -headerpad_max_install_names  -v -Wl -v CMakeFiles/cmTC_407c1.dir/CMakeCXXCompilerABI.cpp.o -o cmTC_407c1 ]
  ignore line: [Apple clang version 12.0.0 (clang-1200.0.31.1)]
  ignore line: [Target: x86_64-apple-darwin20.6.0]
  ignore line: [Thread model: posix]
  ignore line: [InstalledDir: /Library/Developer/CommandLineTools/usr/bin]
  link line: [ "/Library/Developer/CommandLineTools/usr/bin/ld" -demangle -lto_library /Library/Developer/CommandLineTools/usr/lib/libLTO.dylib -dynamic -arch x86_64 -platform_version macos 11.0.0 11.0 -syslibroot /Library/Developer/CommandLineTools/SDKs/MacOSX11.0.sdk -o cmTC_407c1 -search_paths_first -headerpad_max_install_names -v CMakeFiles/cmTC_407c1.dir/CMakeCXXCompilerABI.cpp.o -lc++ -lSystem /Library/Developer/CommandLineTools/usr/lib/clang/12.0.0/lib/darwin/libclang_rt.osx.a]
    arg [/Library/Developer/CommandLineTools/usr/bin/ld] ==> ignore
    arg [-demangle] ==> ignore
    arg [-lto_library] ==> ignore, skip following value
    arg [/Library/Developer/CommandLineTools/usr/lib/libLTO.dylib] ==> skip value of -lto_library
    arg [-dynamic] ==> ignore
    arg [-arch] ==> ignore
    arg [x86_64] ==> ignore
    arg [-platform_version] ==> ignore
    arg [macos] ==> ignore
    arg [11.0.0] ==> ignore
    arg [11.0] ==> ignore
    arg [-syslibroot] ==> ignore
    arg [/Library/Developer/CommandLineTools/SDKs/MacOSX11.0.sdk] ==> ignore
    arg [-o] ==> ignore
    arg [cmTC_407c1] ==> ignore
    arg [-search_paths_first] ==> ignore
    arg [-headerpad_max_install_names] ==> ignore
    arg [-v] ==> ignore
    arg [CMakeFiles/cmTC_407c1.dir/CMakeCXXCompilerABI.cpp.o] ==> ignore
    arg [-lc++] ==> lib [c++]
    arg [-lSystem] ==> lib [System]
    arg [/Library/Developer/CommandLineTools/usr/lib/clang/12.0.0/lib/darwin/libclang_rt.osx.a] ==> lib [/Library/Developer/CommandLineTools/usr/lib/clang/12.0.0/lib/darwin/libclang_rt.osx.a]
  Library search paths: [;/Library/Developer/CommandLineTools/SDKs/MacOSX11.0.sdk/usr/lib]
  Framework search paths: [;/Library/Developer/CommandLineTools/SDKs/MacOSX11.0.sdk/System/Library/Frameworks/]
  remove lib [System]
  remove lib [/Library/Developer/CommandLineTools/usr/lib/clang/12.0.0/lib/darwin/libclang_rt.osx.a]
  collapse library dir [/Library/Developer/CommandLineTools/SDKs/MacOSX11.0.sdk/usr/lib] ==> [/Library/Developer/CommandLineTools/SDKs/MacOSX11.0.sdk/usr/lib]
  collapse framework dir [/Library/Developer/CommandLineTools/SDKs/MacOSX11.0.sdk/System/Library/Frameworks/] ==> [/Library/Developer/CommandLineTools/SDKs/MacOSX11.0.sdk/System/Library/Frameworks]
  implicit libs: [c++]
  implicit dirs: [/Library/Developer/CommandLineTools/SDKs/MacOSX11.0.sdk/usr/lib]
  implicit fwks: [/Library/Developer/CommandLineTools/SDKs/MacOSX11.0.sdk/System/Library/Frameworks]


Determining if the include file alloca.h exists passed with the following output:
Change Dir: /Users/maiwenn/Documents/projet/Shaderpixel/libs/fftw-3.3.10/CMakeFiles/CMakeTmp

Run Build Command(s):/usr/bin/make cmTC_99dd2/fast && /Library/Developer/CommandLineTools/usr/bin/make  -f CMakeFiles/cmTC_99dd2.dir/build.make CMakeFiles/cmTC_99dd2.dir/build
Building C object CMakeFiles/cmTC_99dd2.dir/CheckIncludeFile.c.o
/Library/Developer/CommandLineTools/usr/bin/cc   -isysroot /Library/Developer/CommandLineTools/SDKs/MacOSX11.0.sdk -o CMakeFiles/cmTC_99dd2.dir/CheckIncludeFile.c.o -c /Users/maiwenn/Documents/projet/Shaderpixel/libs/fftw-3.3.10/CMakeFiles/CMakeTmp/CheckIncludeFile.c
Linking C executable cmTC_99dd2
/usr/local/Cellar/cmake/3.19.3/bin/cmake -E cmake_link_script CMakeFiles/cmTC_99dd2.dir/link.txt --verbose=1
/Library/Developer/CommandLineTools/usr/bin/cc  -isysroot /Library/Developer/CommandLineTools/SDKs/MacOSX11.0.sdk -Wl,-search_paths_first -Wl,-headerpad_max_install_names CMakeFiles/cmTC_99dd2.dir/CheckIncludeFile.c.o -o cmTC_99dd2 



Determining if the include file dlfcn.h exists passed with the following output:
Change Dir: /Users/maiwenn/Documents/projet/Shaderpixel/libs/fftw-3.3.10/CMakeFiles/CMakeTmp

Run Build Command(s):/usr/bin/make cmTC_82450/fast && /Library/Developer/CommandLineTools/usr/bin/make  -f CMakeFiles/cmTC_82450.dir/build.make CMakeFiles/cmTC_82450.dir/build
Building C object CMakeFiles/cmTC_82450.dir/CheckIncludeFile.c.o
/Library/Developer/CommandLineTools/usr/bin/cc   -isysroot /Library/Developer/CommandLineTools/SDKs/MacOSX11.0.sdk -o CMakeFiles/cmTC_82450.dir/CheckIncludeFile.c.o -c /Users/maiwenn/Documents/projet/Shaderpixel/libs/fftw-3.3.10/CMakeFiles/CMakeTmp/CheckIncludeFile.c
Linking C executable cmTC_82450
/usr/local/Cellar/cmake/3.19.3/bin/cmake -E cmake_link_script CMakeFiles/cmTC_82450.dir/link.txt --verbose=1
/Library/Developer/CommandLineTools/usr/bin/cc  -isysroot /Library/Developer/CommandLineTools/SDKs/MacOSX11.0.sdk -Wl,-search_paths_first -Wl,-headerpad_max_install_names CMakeFiles/cmTC_82450.dir/CheckIncludeFile.c.o -o cmTC_82450 



Determining if the include file inttypes.h exists passed with the following output:
Change Dir: /Users/maiwenn/Documents/projet/Shaderpixel/libs/fftw-3.3.10/CMakeFiles/CMakeTmp

Run Build Command(s):/usr/bin/make cmTC_7464d/fast && /Library/Developer/CommandLineTools/usr/bin/make  -f CMakeFiles/cmTC_7464d.dir/build.make CMakeFiles/cmTC_7464d.dir/build
Building C object CMakeFiles/cmTC_7464d.dir/CheckIncludeFile.c.o
/Library/Developer/CommandLineTools/usr/bin/cc   -isysroot /Library/Developer/CommandLineTools/SDKs/MacOSX11.0.sdk -o CMakeFiles/cmTC_7464d.dir/CheckIncludeFile.c.o -c /Users/maiwenn/Documents/projet/Shaderpixel/libs/fftw-3.3.10/CMakeFiles/CMakeTmp/CheckIncludeFile.c
Linking C executable cmTC_7464d
/usr/local/Cellar/cmake/3.19.3/bin/cmake -E cmake_link_script CMakeFiles/cmTC_7464d.dir/link.txt --verbose=1
/Library/Developer/CommandLineTools/usr/bin/cc  -isysroot /Library/Developer/CommandLineTools/SDKs/MacOSX11.0.sdk -Wl,-search_paths_first -Wl,-headerpad_max_install_names CMakeFiles/cmTC_7464d.dir/CheckIncludeFile.c.o -o cmTC_7464d 



Determining if the include file limits.h exists passed with the following output:
Change Dir: /Users/maiwenn/Documents/projet/Shaderpixel/libs/fftw-3.3.10/CMakeFiles/CMakeTmp

Run Build Command(s):/usr/bin/make cmTC_e212b/fast && /Library/Developer/CommandLineTools/usr/bin/make  -f CMakeFiles/cmTC_e212b.dir/build.make CMakeFiles/cmTC_e212b.dir/build
Building C object CMakeFiles/cmTC_e212b.dir/CheckIncludeFile.c.o
/Library/Developer/CommandLineTools/usr/bin/cc   -isysroot /Library/Developer/CommandLineTools/SDKs/MacOSX11.0.sdk -o CMakeFiles/cmTC_e212b.dir/CheckIncludeFile.c.o -c /Users/maiwenn/Documents/projet/Shaderpixel/libs/fftw-3.3.10/CMakeFiles/CMakeTmp/CheckIncludeFile.c
Linking C executable cmTC_e212b
/usr/local/Cellar/cmake/3.19.3/bin/cmake -E cmake_link_script CMakeFiles/cmTC_e212b.dir/link.txt --verbose=1
/Library/Developer/CommandLineTools/usr/bin/cc  -isysroot /Library/Developer/CommandLineTools/SDKs/MacOSX11.0.sdk -Wl,-search_paths_first -Wl,-headerpad_max_install_names CMakeFiles/cmTC_e212b.dir/CheckIncludeFile.c.o -o cmTC_e212b 



Determining if the include file mach/mach_time.h exists passed with the following output:
Change Dir: /Users/maiwenn/Documents/projet/Shaderpixel/libs/fftw-3.3.10/CMakeFiles/CMakeTmp

Run Build Command(s):/usr/bin/make cmTC_c61c3/fast && /Library/Developer/CommandLineTools/usr/bin/make  -f CMakeFiles/cmTC_c61c3.dir/build.make CMakeFiles/cmTC_c61c3.dir/build
Building C object CMakeFiles/cmTC_c61c3.dir/CheckIncludeFile.c.o
/Library/Developer/CommandLineTools/usr/bin/cc   -isysroot /Library/Developer/CommandLineTools/SDKs/MacOSX11.0.sdk -o CMakeFiles/cmTC_c61c3.dir/CheckIncludeFile.c.o -c /Users/maiwenn/Documents/projet/Shaderpixel/libs/fftw-3.3.10/CMakeFiles/CMakeTmp/CheckIncludeFile.c
Linking C executable cmTC_c61c3
/usr/local/Cellar/cmake/3.19.3/bin/cmake -E cmake_link_script CMakeFiles/cmTC_c61c3.dir/link.txt --verbose=1
/Library/Developer/CommandLineTools/usr/bin/cc  -isysroot /Library/Developer/CommandLineTools/SDKs/MacOSX11.0.sdk -Wl,-search_paths_first -Wl,-headerpad_max_install_names CMakeFiles/cmTC_c61c3.dir/CheckIncludeFile.c.o -o cmTC_c61c3 



Determining if the include file memory.h exists passed with the following output:
Change Dir: /Users/maiwenn/Documents/projet/Shaderpixel/libs/fftw-3.3.10/CMakeFiles/CMakeTmp

Run Build Command(s):/usr/bin/make cmTC_b08dc/fast && /Library/Developer/CommandLineTools/usr/bin/make  -f CMakeFiles/cmTC_b08dc.dir/build.make CMakeFiles/cmTC_b08dc.dir/build
Building C object CMakeFiles/cmTC_b08dc.dir/CheckIncludeFile.c.o
/Library/Developer/CommandLineTools/usr/bin/cc   -isysroot /Library/Developer/CommandLineTools/SDKs/MacOSX11.0.sdk -o CMakeFiles/cmTC_b08dc.dir/CheckIncludeFile.c.o -c /Users/maiwenn/Documents/projet/Shaderpixel/libs/fftw-3.3.10/CMakeFiles/CMakeTmp/CheckIncludeFile.c
Linking C executable cmTC_b08dc
/usr/local/Cellar/cmake/3.19.3/bin/cmake -E cmake_link_script CMakeFiles/cmTC_b08dc.dir/link.txt --verbose=1
/Library/Developer/CommandLineTools/usr/bin/cc  -isysroot /Library/Developer/CommandLineTools/SDKs/MacOSX11.0.sdk -Wl,-search_paths_first -Wl,-headerpad_max_install_names CMakeFiles/cmTC_b08dc.dir/CheckIncludeFile.c.o -o cmTC_b08dc 



Determining if the include file stddef.h exists passed with the following output:
Change Dir: /Users/maiwenn/Documents/projet/Shaderpixel/libs/fftw-3.3.10/CMakeFiles/CMakeTmp

Run Build Command(s):/usr/bin/make cmTC_c714f/fast && /Library/Developer/CommandLineTools/usr/bin/make  -f CMakeFiles/cmTC_c714f.dir/build.make CMakeFiles/cmTC_c714f.dir/build
Building C object CMakeFiles/cmTC_c714f.dir/CheckIncludeFile.c.o
/Library/Developer/CommandLineTools/usr/bin/cc   -isysroot /Library/Developer/CommandLineTools/SDKs/MacOSX11.0.sdk -o CMakeFiles/cmTC_c714f.dir/CheckIncludeFile.c.o -c /Users/maiwenn/Documents/projet/Shaderpixel/libs/fftw-3.3.10/CMakeFiles/CMakeTmp/CheckIncludeFile.c
Linking C executable cmTC_c714f
/usr/local/Cellar/cmake/3.19.3/bin/cmake -E cmake_link_script CMakeFiles/cmTC_c714f.dir/link.txt --verbose=1
/Library/Developer/CommandLineTools/usr/bin/cc  -isysroot /Library/Developer/CommandLineTools/SDKs/MacOSX11.0.sdk -Wl,-search_paths_first -Wl,-headerpad_max_install_names CMakeFiles/cmTC_c714f.dir/CheckIncludeFile.c.o -o cmTC_c714f 



Determining if the include file stdint.h exists passed with the following output:
Change Dir: /Users/maiwenn/Documents/projet/Shaderpixel/libs/fftw-3.3.10/CMakeFiles/CMakeTmp

Run Build Command(s):/usr/bin/make cmTC_6aa67/fast && /Library/Developer/CommandLineTools/usr/bin/make  -f CMakeFiles/cmTC_6aa67.dir/build.make CMakeFiles/cmTC_6aa67.dir/build
Building C object CMakeFiles/cmTC_6aa67.dir/CheckIncludeFile.c.o
/Library/Developer/CommandLineTools/usr/bin/cc   -isysroot /Library/Developer/CommandLineTools/SDKs/MacOSX11.0.sdk -o CMakeFiles/cmTC_6aa67.dir/CheckIncludeFile.c.o -c /Users/maiwenn/Documents/projet/Shaderpixel/libs/fftw-3.3.10/CMakeFiles/CMakeTmp/CheckIncludeFile.c
Linking C executable cmTC_6aa67
/usr/local/Cellar/cmake/3.19.3/bin/cmake -E cmake_link_script CMakeFiles/cmTC_6aa67.dir/link.txt --verbose=1
/Library/Developer/CommandLineTools/usr/bin/cc  -isysroot /Library/Developer/CommandLineTools/SDKs/MacOSX11.0.sdk -Wl,-search_paths_first -Wl,-headerpad_max_install_names CMakeFiles/cmTC_6aa67.dir/CheckIncludeFile.c.o -o cmTC_6aa67 



Determining if the include file stdlib.h exists passed with the following output:
Change Dir: /Users/maiwenn/Documents/projet/Shaderpixel/libs/fftw-3.3.10/CMakeFiles/CMakeTmp

Run Build Command(s):/usr/bin/make cmTC_a4f82/fast && /Library/Developer/CommandLineTools/usr/bin/make  -f CMakeFiles/cmTC_a4f82.dir/build.make CMakeFiles/cmTC_a4f82.dir/build
Building C object CMakeFiles/cmTC_a4f82.dir/CheckIncludeFile.c.o
/Library/Developer/CommandLineTools/usr/bin/cc   -isysroot /Library/Developer/CommandLineTools/SDKs/MacOSX11.0.sdk -o CMakeFiles/cmTC_a4f82.dir/CheckIncludeFile.c.o -c /Users/maiwenn/Documents/projet/Shaderpixel/libs/fftw-3.3.10/CMakeFiles/CMakeTmp/CheckIncludeFile.c
Linking C executable cmTC_a4f82
/usr/local/Cellar/cmake/3.19.3/bin/cmake -E cmake_link_script CMakeFiles/cmTC_a4f82.dir/link.txt --verbose=1
/Library/Developer/CommandLineTools/usr/bin/cc  -isysroot /Library/Developer/CommandLineTools/SDKs/MacOSX11.0.sdk -Wl,-search_paths_first -Wl,-headerpad_max_install_names CMakeFiles/cmTC_a4f82.dir/CheckIncludeFile.c.o -o cmTC_a4f82 



Determining if the include file string.h exists passed with the following output:
Change Dir: /Users/maiwenn/Documents/projet/Shaderpixel/libs/fftw-3.3.10/CMakeFiles/CMakeTmp

Run Build Command(s):/usr/bin/make cmTC_ebf8c/fast && /Library/Developer/CommandLineTools/usr/bin/make  -f CMakeFiles/cmTC_ebf8c.dir/build.make CMakeFiles/cmTC_ebf8c.dir/build
Building C object CMakeFiles/cmTC_ebf8c.dir/CheckIncludeFile.c.o
/Library/Developer/CommandLineTools/usr/bin/cc   -isysroot /Library/Developer/CommandLineTools/SDKs/MacOSX11.0.sdk -o CMakeFiles/cmTC_ebf8c.dir/CheckIncludeFile.c.o -c /Users/maiwenn/Documents/projet/Shaderpixel/libs/fftw-3.3.10/CMakeFiles/CMakeTmp/CheckIncludeFile.c
Linking C executable cmTC_ebf8c
/usr/local/Cellar/cmake/3.19.3/bin/cmake -E cmake_link_script CMakeFiles/cmTC_ebf8c.dir/link.txt --verbose=1
/Library/Developer/CommandLineTools/usr/bin/cc  -isysroot /Library/Developer/CommandLineTools/SDKs/MacOSX11.0.sdk -Wl,-search_paths_first -Wl,-headerpad_max_install_names CMakeFiles/cmTC_ebf8c.dir/CheckIncludeFile.c.o -o cmTC_ebf8c 



Determining if the include file strings.h exists passed with the following output:
Change Dir: /Users/maiwenn/Documents/projet/Shaderpixel/libs/fftw-3.3.10/CMakeFiles/CMakeTmp

Run Build Command(s):/usr/bin/make cmTC_5c278/fast && /Library/Developer/CommandLineTools/usr/bin/make  -f CMakeFiles/cmTC_5c278.dir/build.make CMakeFiles/cmTC_5c278.dir/build
Building C object CMakeFiles/cmTC_5c278.dir/CheckIncludeFile.c.o
/Library/Developer/CommandLineTools/usr/bin/cc   -isysroot /Library/Developer/CommandLineTools/SDKs/MacOSX11.0.sdk -o CMakeFiles/cmTC_5c278.dir/CheckIncludeFile.c.o -c /Users/maiwenn/Documents/projet/Shaderpixel/libs/fftw-3.3.10/CMakeFiles/CMakeTmp/CheckIncludeFile.c
Linking C executable cmTC_5c278
/usr/local/Cellar/cmake/3.19.3/bin/cmake -E cmake_link_script CMakeFiles/cmTC_5c278.dir/link.txt --verbose=1
/Library/Developer/CommandLineTools/usr/bin/cc  -isysroot /Library/Developer/CommandLineTools/SDKs/MacOSX11.0.sdk -Wl,-search_paths_first -Wl,-headerpad_max_install_names CMakeFiles/cmTC_5c278.dir/CheckIncludeFile.c.o -o cmTC_5c278 



Determining if the include file sys/types.h exists passed with the following output:
Change Dir: /Users/maiwenn/Documents/projet/Shaderpixel/libs/fftw-3.3.10/CMakeFiles/CMakeTmp

Run Build Command(s):/usr/bin/make cmTC_6170f/fast && /Library/Developer/CommandLineTools/usr/bin/make  -f CMakeFiles/cmTC_6170f.dir/build.make CMakeFiles/cmTC_6170f.dir/build
Building C object CMakeFiles/cmTC_6170f.dir/CheckIncludeFile.c.o
/Library/Developer/CommandLineTools/usr/bin/cc   -isysroot /Library/Developer/CommandLineTools/SDKs/MacOSX11.0.sdk -o CMakeFiles/cmTC_6170f.dir/CheckIncludeFile.c.o -c /Users/maiwenn/Documents/projet/Shaderpixel/libs/fftw-3.3.10/CMakeFiles/CMakeTmp/CheckIncludeFile.c
Linking C executable cmTC_6170f
/usr/local/Cellar/cmake/3.19.3/bin/cmake -E cmake_link_script CMakeFiles/cmTC_6170f.dir/link.txt --verbose=1
/Library/Developer/CommandLineTools/usr/bin/cc  -isysroot /Library/Developer/CommandLineTools/SDKs/MacOSX11.0.sdk -Wl,-search_paths_first -Wl,-headerpad_max_install_names CMakeFiles/cmTC_6170f.dir/CheckIncludeFile.c.o -o cmTC_6170f 



Determining if the include file sys/time.h exists passed with the following output:
Change Dir: /Users/maiwenn/Documents/projet/Shaderpixel/libs/fftw-3.3.10/CMakeFiles/CMakeTmp

Run Build Command(s):/usr/bin/make cmTC_a7f56/fast && /Library/Developer/CommandLineTools/usr/bin/make  -f CMakeFiles/cmTC_a7f56.dir/build.make CMakeFiles/cmTC_a7f56.dir/build
Building C object CMakeFiles/cmTC_a7f56.dir/CheckIncludeFile.c.o
/Library/Developer/CommandLineTools/usr/bin/cc   -isysroot /Library/Developer/CommandLineTools/SDKs/MacOSX11.0.sdk -o CMakeFiles/cmTC_a7f56.dir/CheckIncludeFile.c.o -c /Users/maiwenn/Documents/projet/Shaderpixel/libs/fftw-3.3.10/CMakeFiles/CMakeTmp/CheckIncludeFile.c
Linking C executable cmTC_a7f56
/usr/local/Cellar/cmake/3.19.3/bin/cmake -E cmake_link_script CMakeFiles/cmTC_a7f56.dir/link.txt --verbose=1
/Library/Developer/CommandLineTools/usr/bin/cc  -isysroot /Library/Developer/CommandLineTools/SDKs/MacOSX11.0.sdk -Wl,-search_paths_first -Wl,-headerpad_max_install_names CMakeFiles/cmTC_a7f56.dir/CheckIncludeFile.c.o -o cmTC_a7f56 



Determining if the include file sys/stat.h exists passed with the following output:
Change Dir: /Users/maiwenn/Documents/projet/Shaderpixel/libs/fftw-3.3.10/CMakeFiles/CMakeTmp

Run Build Command(s):/usr/bin/make cmTC_e523b/fast && /Library/Developer/CommandLineTools/usr/bin/make  -f CMakeFiles/cmTC_e523b.dir/build.make CMakeFiles/cmTC_e523b.dir/build
Building C object CMakeFiles/cmTC_e523b.dir/CheckIncludeFile.c.o
/Library/Developer/CommandLineTools/usr/bin/cc   -isysroot /Library/Developer/CommandLineTools/SDKs/MacOSX11.0.sdk -o CMakeFiles/cmTC_e523b.dir/CheckIncludeFile.c.o -c /Users/maiwenn/Documents/projet/Shaderpixel/libs/fftw-3.3.10/CMakeFiles/CMakeTmp/CheckIncludeFile.c
Linking C executable cmTC_e523b
/usr/local/Cellar/cmake/3.19.3/bin/cmake -E cmake_link_script CMakeFiles/cmTC_e523b.dir/link.txt --verbose=1
/Library/Developer/CommandLineTools/usr/bin/cc  -isysroot /Library/Developer/CommandLineTools/SDKs/MacOSX11.0.sdk -Wl,-search_paths_first -Wl,-headerpad_max_install_names CMakeFiles/cmTC_e523b.dir/CheckIncludeFile.c.o -o cmTC_e523b 



Determining if the include file sys/sysctl.h exists passed with the following output:
Change Dir: /Users/maiwenn/Documents/projet/Shaderpixel/libs/fftw-3.3.10/CMakeFiles/CMakeTmp

Run Build Command(s):/usr/bin/make cmTC_0ed2d/fast && /Library/Developer/CommandLineTools/usr/bin/make  -f CMakeFiles/cmTC_0ed2d.dir/build.make CMakeFiles/cmTC_0ed2d.dir/build
Building C object CMakeFiles/cmTC_0ed2d.dir/CheckIncludeFile.c.o
/Library/Developer/CommandLineTools/usr/bin/cc   -isysroot /Library/Developer/CommandLineTools/SDKs/MacOSX11.0.sdk -o CMakeFiles/cmTC_0ed2d.dir/CheckIncludeFile.c.o -c /Users/maiwenn/Documents/projet/Shaderpixel/libs/fftw-3.3.10/CMakeFiles/CMakeTmp/CheckIncludeFile.c
Linking C executable cmTC_0ed2d
/usr/local/Cellar/cmake/3.19.3/bin/cmake -E cmake_link_script CMakeFiles/cmTC_0ed2d.dir/link.txt --verbose=1
/Library/Developer/CommandLineTools/usr/bin/cc  -isysroot /Library/Developer/CommandLineTools/SDKs/MacOSX11.0.sdk -Wl,-search_paths_first -Wl,-headerpad_max_install_names CMakeFiles/cmTC_0ed2d.dir/CheckIncludeFile.c.o -o cmTC_0ed2d 



Determining if the include file time.h exists passed with the following output:
Change Dir: /Users/maiwenn/Documents/projet/Shaderpixel/libs/fftw-3.3.10/CMakeFiles/CMakeTmp

Run Build Command(s):/usr/bin/make cmTC_730ce/fast && /Library/Developer/CommandLineTools/usr/bin/make  -f CMakeFiles/cmTC_730ce.dir/build.make CMakeFiles/cmTC_730ce.dir/build
Building C object CMakeFiles/cmTC_730ce.dir/CheckIncludeFile.c.o
/Library/Developer/CommandLineTools/usr/bin/cc   -isysroot /Library/Developer/CommandLineTools/SDKs/MacOSX11.0.sdk -o CMakeFiles/cmTC_730ce.dir/CheckIncludeFile.c.o -c /Users/maiwenn/Documents/projet/Shaderpixel/libs/fftw-3.3.10/CMakeFiles/CMakeTmp/CheckIncludeFile.c
Linking C executable cmTC_730ce
/usr/local/Cellar/cmake/3.19.3/bin/cmake -E cmake_link_script CMakeFiles/cmTC_730ce.dir/link.txt --verbose=1
/Library/Developer/CommandLineTools/usr/bin/cc  -isysroot /Library/Developer/CommandLineTools/SDKs/MacOSX11.0.sdk -Wl,-search_paths_first -Wl,-headerpad_max_install_names CMakeFiles/cmTC_730ce.dir/CheckIncludeFile.c.o -o cmTC_730ce 



Determining if the include file unistd.h exists passed with the following output:
Change Dir: /Users/maiwenn/Documents/projet/Shaderpixel/libs/fftw-3.3.10/CMakeFiles/CMakeTmp

Run Build Command(s):/usr/bin/make cmTC_5f369/fast && /Library/Developer/CommandLineTools/usr/bin/make  -f CMakeFiles/cmTC_5f369.dir/build.make CMakeFiles/cmTC_5f369.dir/build
Building C object CMakeFiles/cmTC_5f369.dir/CheckIncludeFile.c.o
/Library/Developer/CommandLineTools/usr/bin/cc   -isysroot /Library/Developer/CommandLineTools/SDKs/MacOSX11.0.sdk -o CMakeFiles/cmTC_5f369.dir/CheckIncludeFile.c.o -c /Users/maiwenn/Documents/projet/Shaderpixel/libs/fftw-3.3.10/CMakeFiles/CMakeTmp/CheckIncludeFile.c
Linking C executable cmTC_5f369
/usr/local/Cellar/cmake/3.19.3/bin/cmake -E cmake_link_script CMakeFiles/cmTC_5f369.dir/link.txt --verbose=1
/Library/Developer/CommandLineTools/usr/bin/cc  -isysroot /Library/Developer/CommandLineTools/SDKs/MacOSX11.0.sdk -Wl,-search_paths_first -Wl,-headerpad_max_install_names CMakeFiles/cmTC_5f369.dir/CheckIncludeFile.c.o -o cmTC_5f369 



Determining if the prototype drand48 exists for HAVE_DECL_DRAND48 passed with the following output:
Change Dir: /Users/maiwenn/Documents/projet/Shaderpixel/libs/fftw-3.3.10/CMakeFiles/CMakeTmp

Run Build Command(s):/usr/bin/make cmTC_ad525/fast && /Library/Developer/CommandLineTools/usr/bin/make  -f CMakeFiles/cmTC_ad525.dir/build.make CMakeFiles/cmTC_ad525.dir/build
Building C object CMakeFiles/cmTC_ad525.dir/CheckPrototypeDefinition.c.o
/Library/Developer/CommandLineTools/usr/bin/cc   -isysroot /Library/Developer/CommandLineTools/SDKs/MacOSX11.0.sdk -o CMakeFiles/cmTC_ad525.dir/CheckPrototypeDefinition.c.o -c /Users/maiwenn/Documents/projet/Shaderpixel/libs/fftw-3.3.10/CMakeFiles/CMakeTmp/CheckPrototypeDefinition.c
Linking C executable cmTC_ad525
/usr/local/Cellar/cmake/3.19.3/bin/cmake -E cmake_link_script CMakeFiles/cmTC_ad525.dir/link.txt --verbose=1
/Library/Developer/CommandLineTools/usr/bin/cc  -isysroot /Library/Developer/CommandLineTools/SDKs/MacOSX11.0.sdk -Wl,-search_paths_first -Wl,-headerpad_max_install_names CMakeFiles/cmTC_ad525.dir/CheckPrototypeDefinition.c.o -o cmTC_ad525 



Determining if the prototype cosl exists for HAVE_DECL_COSL passed with the following output:
Change Dir: /Users/maiwenn/Documents/projet/Shaderpixel/libs/fftw-3.3.10/CMakeFiles/CMakeTmp

Run Build Command(s):/usr/bin/make cmTC_a4eb9/fast && /Library/Developer/CommandLineTools/usr/bin/make  -f CMakeFiles/cmTC_a4eb9.dir/build.make CMakeFiles/cmTC_a4eb9.dir/build
Building C object CMakeFiles/cmTC_a4eb9.dir/CheckPrototypeDefinition.c.o
/Library/Developer/CommandLineTools/usr/bin/cc   -isysroot /Library/Developer/CommandLineTools/SDKs/MacOSX11.0.sdk -o CMakeFiles/cmTC_a4eb9.dir/CheckPrototypeDefinition.c.o -c /Users/maiwenn/Documents/projet/Shaderpixel/libs/fftw-3.3.10/CMakeFiles/CMakeTmp/CheckPrototypeDefinition.c
Linking C executable cmTC_a4eb9
/usr/local/Cellar/cmake/3.19.3/bin/cmake -E cmake_link_script CMakeFiles/cmTC_a4eb9.dir/link.txt --verbose=1
/Library/Developer/CommandLineTools/usr/bin/cc  -isysroot /Library/Developer/CommandLineTools/SDKs/MacOSX11.0.sdk -Wl,-search_paths_first -Wl,-headerpad_max_install_names CMakeFiles/cmTC_a4eb9.dir/CheckPrototypeDefinition.c.o -o cmTC_a4eb9 



Determining if the prototype sinl exists for HAVE_DECL_SINL passed with the following output:
Change Dir: /Users/maiwenn/Documents/projet/Shaderpixel/libs/fftw-3.3.10/CMakeFiles/CMakeTmp

Run Build Command(s):/usr/bin/make cmTC_2588e/fast && /Library/Developer/CommandLineTools/usr/bin/make  -f CMakeFiles/cmTC_2588e.dir/build.make CMakeFiles/cmTC_2588e.dir/build
Building C object CMakeFiles/cmTC_2588e.dir/CheckPrototypeDefinition.c.o
/Library/Developer/CommandLineTools/usr/bin/cc   -isysroot /Library/Developer/CommandLineTools/SDKs/MacOSX11.0.sdk -o CMakeFiles/cmTC_2588e.dir/CheckPrototypeDefinition.c.o -c /Users/maiwenn/Documents/projet/Shaderpixel/libs/fftw-3.3.10/CMakeFiles/CMakeTmp/CheckPrototypeDefinition.c
Linking C executable cmTC_2588e
/usr/local/Cellar/cmake/3.19.3/bin/cmake -E cmake_link_script CMakeFiles/cmTC_2588e.dir/link.txt --verbose=1
/Library/Developer/CommandLineTools/usr/bin/cc  -isysroot /Library/Developer/CommandLineTools/SDKs/MacOSX11.0.sdk -Wl,-search_paths_first -Wl,-headerpad_max_install_names CMakeFiles/cmTC_2588e.dir/CheckPrototypeDefinition.c.o -o cmTC_2588e 



Determining if the prototype posix_memalign exists for HAVE_DECL_POSIX_MEMALIGN passed with the following output:
Change Dir: /Users/maiwenn/Documents/projet/Shaderpixel/libs/fftw-3.3.10/CMakeFiles/CMakeTmp

Run Build Command(s):/usr/bin/make cmTC_c21f0/fast && /Library/Developer/CommandLineTools/usr/bin/make  -f CMakeFiles/cmTC_c21f0.dir/build.make CMakeFiles/cmTC_c21f0.dir/build
Building C object CMakeFiles/cmTC_c21f0.dir/CheckPrototypeDefinition.c.o
/Library/Developer/CommandLineTools/usr/bin/cc   -isysroot /Library/Developer/CommandLineTools/SDKs/MacOSX11.0.sdk -o CMakeFiles/cmTC_c21f0.dir/CheckPrototypeDefinition.c.o -c /Users/maiwenn/Documents/projet/Shaderpixel/libs/fftw-3.3.10/CMakeFiles/CMakeTmp/CheckPrototypeDefinition.c
Linking C executable cmTC_c21f0
/usr/local/Cellar/cmake/3.19.3/bin/cmake -E cmake_link_script CMakeFiles/cmTC_c21f0.dir/link.txt --verbose=1
/Library/Developer/CommandLineTools/usr/bin/cc  -isysroot /Library/Developer/CommandLineTools/SDKs/MacOSX11.0.sdk -Wl,-search_paths_first -Wl,-headerpad_max_install_names CMakeFiles/cmTC_c21f0.dir/CheckPrototypeDefinition.c.o -o cmTC_c21f0 



Determining if the clock_gettime exist passed with the following output:
Change Dir: /Users/maiwenn/Documents/projet/Shaderpixel/libs/fftw-3.3.10/CMakeFiles/CMakeTmp

Run Build Command(s):/usr/bin/make cmTC_df077/fast && /Library/Developer/CommandLineTools/usr/bin/make  -f CMakeFiles/cmTC_df077.dir/build.make CMakeFiles/cmTC_df077.dir/build
Building C object CMakeFiles/cmTC_df077.dir/CheckSymbolExists.c.o
/Library/Developer/CommandLineTools/usr/bin/cc   -isysroot /Library/Developer/CommandLineTools/SDKs/MacOSX11.0.sdk -o CMakeFiles/cmTC_df077.dir/CheckSymbolExists.c.o -c /Users/maiwenn/Documents/projet/Shaderpixel/libs/fftw-3.3.10/CMakeFiles/CMakeTmp/CheckSymbolExists.c
Linking C executable cmTC_df077
/usr/local/Cellar/cmake/3.19.3/bin/cmake -E cmake_link_script CMakeFiles/cmTC_df077.dir/link.txt --verbose=1
/Library/Developer/CommandLineTools/usr/bin/cc  -isysroot /Library/Developer/CommandLineTools/SDKs/MacOSX11.0.sdk -Wl,-search_paths_first -Wl,-headerpad_max_install_names CMakeFiles/cmTC_df077.dir/CheckSymbolExists.c.o -o cmTC_df077 


File /Users/maiwenn/Documents/projet/Shaderpixel/libs/fftw-3.3.10/CMakeFiles/CMakeTmp/CheckSymbolExists.c:
/* */
#include <time.h>

int main(int argc, char** argv)
{
  (void)argv;
#ifndef clock_gettime
  return ((int*)(&clock_gettime))[argc];
#else
  (void)argc;
  return 0;
#endif
}
Determining if the gettimeofday exist passed with the following output:
Change Dir: /Users/maiwenn/Documents/projet/Shaderpixel/libs/fftw-3.3.10/CMakeFiles/CMakeTmp

Run Build Command(s):/usr/bin/make cmTC_63c8c/fast && /Library/Developer/CommandLineTools/usr/bin/make  -f CMakeFiles/cmTC_63c8c.dir/build.make CMakeFiles/cmTC_63c8c.dir/build
Building C object CMakeFiles/cmTC_63c8c.dir/CheckSymbolExists.c.o
/Library/Developer/CommandLineTools/usr/bin/cc   -isysroot /Library/Developer/CommandLineTools/SDKs/MacOSX11.0.sdk -o CMakeFiles/cmTC_63c8c.dir/CheckSymbolExists.c.o -c /Users/maiwenn/Documents/projet/Shaderpixel/libs/fftw-3.3.10/CMakeFiles/CMakeTmp/CheckSymbolExists.c
Linking C executable cmTC_63c8c
/usr/local/Cellar/cmake/3.19.3/bin/cmake -E cmake_link_script CMakeFiles/cmTC_63c8c.dir/link.txt --verbose=1
/Library/Developer/CommandLineTools/usr/bin/cc  -isysroot /Library/Developer/CommandLineTools/SDKs/MacOSX11.0.sdk -Wl,-search_paths_first -Wl,-headerpad_max_install_names CMakeFiles/cmTC_63c8c.dir/CheckSymbolExists.c.o -o cmTC_63c8c 


File /Users/maiwenn/Documents/projet/Shaderpixel/libs/fftw-3.3.10/CMakeFiles/CMakeTmp/CheckSymbolExists.c:
/* */
#include <sys/time.h>

int main(int argc, char** argv)
{
  (void)argv;
#ifndef gettimeofday
  return ((int*)(&gettimeofday))[argc];
#else
  (void)argc;
  return 0;
#endif
}
Determining if the getpagesize exist passed with the following output:
Change Dir: /Users/maiwenn/Documents/projet/Shaderpixel/libs/fftw-3.3.10/CMakeFiles/CMakeTmp

Run Build Command(s):/usr/bin/make cmTC_419f5/fast && /Library/Developer/CommandLineTools/usr/bin/make  -f CMakeFiles/cmTC_419f5.dir/build.make CMakeFiles/cmTC_419f5.dir/build
Building C object CMakeFiles/cmTC_419f5.dir/CheckSymbolExists.c.o
/Library/Developer/CommandLineTools/usr/bin/cc   -isysroot /Library/Developer/CommandLineTools/SDKs/MacOSX11.0.sdk -o CMakeFiles/cmTC_419f5.dir/CheckSymbolExists.c.o -c /Users/maiwenn/Documents/projet/Shaderpixel/libs/fftw-3.3.10/CMakeFiles/CMakeTmp/CheckSymbolExists.c
Linking C executable cmTC_419f5
/usr/local/Cellar/cmake/3.19.3/bin/cmake -E cmake_link_script CMakeFiles/cmTC_419f5.dir/link.txt --verbose=1
/Library/Developer/CommandLineTools/usr/bin/cc  -isysroot /Library/Developer/CommandLineTools/SDKs/MacOSX11.0.sdk -Wl,-search_paths_first -Wl,-headerpad_max_install_names CMakeFiles/cmTC_419f5.dir/CheckSymbolExists.c.o -o cmTC_419f5 


File /Users/maiwenn/Documents/projet/Shaderpixel/libs/fftw-3.3.10/CMakeFiles/CMakeTmp/CheckSymbolExists.c:
/* */
#include <unistd.h>

int main(int argc, char** argv)
{
  (void)argv;
#ifndef getpagesize
  return ((int*)(&getpagesize))[argc];
#else
  (void)argc;
  return 0;
#endif
}
Determining if the drand48 exist passed with the following output:
Change Dir: /Users/maiwenn/Documents/projet/Shaderpixel/libs/fftw-3.3.10/CMakeFiles/CMakeTmp

Run Build Command(s):/usr/bin/make cmTC_cc642/fast && /Library/Developer/CommandLineTools/usr/bin/make  -f CMakeFiles/cmTC_cc642.dir/build.make CMakeFiles/cmTC_cc642.dir/build
Building C object CMakeFiles/cmTC_cc642.dir/CheckSymbolExists.c.o
/Library/Developer/CommandLineTools/usr/bin/cc   -isysroot /Library/Developer/CommandLineTools/SDKs/MacOSX11.0.sdk -o CMakeFiles/cmTC_cc642.dir/CheckSymbolExists.c.o -c /Users/maiwenn/Documents/projet/Shaderpixel/libs/fftw-3.3.10/CMakeFiles/CMakeTmp/CheckSymbolExists.c
Linking C executable cmTC_cc642
/usr/local/Cellar/cmake/3.19.3/bin/cmake -E cmake_link_script CMakeFiles/cmTC_cc642.dir/link.txt --verbose=1
/Library/Developer/CommandLineTools/usr/bin/cc  -isysroot /Library/Developer/CommandLineTools/SDKs/MacOSX11.0.sdk -Wl,-search_paths_first -Wl,-headerpad_max_install_names CMakeFiles/cmTC_cc642.dir/CheckSymbolExists.c.o -o cmTC_cc642 


File /Users/maiwenn/Documents/projet/Shaderpixel/libs/fftw-3.3.10/CMakeFiles/CMakeTmp/CheckSymbolExists.c:
/* */
#include <stdlib.h>

int main(int argc, char** argv)
{
  (void)argv;
#ifndef drand48
  return ((int*)(&drand48))[argc];
#else
  (void)argc;
  return 0;
#endif
}
Determining if the srand48 exist passed with the following output:
Change Dir: /Users/maiwenn/Documents/projet/Shaderpixel/libs/fftw-3.3.10/CMakeFiles/CMakeTmp

Run Build Command(s):/usr/bin/make cmTC_acfa7/fast && /Library/Developer/CommandLineTools/usr/bin/make  -f CMakeFiles/cmTC_acfa7.dir/build.make CMakeFiles/cmTC_acfa7.dir/build
Building C object CMakeFiles/cmTC_acfa7.dir/CheckSymbolExists.c.o
/Library/Developer/CommandLineTools/usr/bin/cc   -isysroot /Library/Developer/CommandLineTools/SDKs/MacOSX11.0.sdk -o CMakeFiles/cmTC_acfa7.dir/CheckSymbolExists.c.o -c /Users/maiwenn/Documents/projet/Shaderpixel/libs/fftw-3.3.10/CMakeFiles/CMakeTmp/CheckSymbolExists.c
Linking C executable cmTC_acfa7
/usr/local/Cellar/cmake/3.19.3/bin/cmake -E cmake_link_script CMakeFiles/cmTC_acfa7.dir/link.txt --verbose=1
/Library/Developer/CommandLineTools/usr/bin/cc  -isysroot /Library/Developer/CommandLineTools/SDKs/MacOSX11.0.sdk -Wl,-search_paths_first -Wl,-headerpad_max_install_names CMakeFiles/cmTC_acfa7.dir/CheckSymbolExists.c.o -o cmTC_acfa7 


File /Users/maiwenn/Documents/projet/Shaderpixel/libs/fftw-3.3.10/CMakeFiles/CMakeTmp/CheckSymbolExists.c:
/* */
#include <stdlib.h>

int main(int argc, char** argv)
{
  (void)argv;
#ifndef srand48
  return ((int*)(&srand48))[argc];
#else
  (void)argc;
  return 0;
#endif
}
Determining if the posix_memalign exist passed with the following output:
Change Dir: /Users/maiwenn/Documents/projet/Shaderpixel/libs/fftw-3.3.10/CMakeFiles/CMakeTmp

Run Build Command(s):/usr/bin/make cmTC_2cb88/fast && /Library/Developer/CommandLineTools/usr/bin/make  -f CMakeFiles/cmTC_2cb88.dir/build.make CMakeFiles/cmTC_2cb88.dir/build
Building C object CMakeFiles/cmTC_2cb88.dir/CheckSymbolExists.c.o
/Library/Developer/CommandLineTools/usr/bin/cc   -isysroot /Library/Developer/CommandLineTools/SDKs/MacOSX11.0.sdk -o CMakeFiles/cmTC_2cb88.dir/CheckSymbolExists.c.o -c /Users/maiwenn/Documents/projet/Shaderpixel/libs/fftw-3.3.10/CMakeFiles/CMakeTmp/CheckSymbolExists.c
Linking C executable cmTC_2cb88
/usr/local/Cellar/cmake/3.19.3/bin/cmake -E cmake_link_script CMakeFiles/cmTC_2cb88.dir/link.txt --verbose=1
/Library/Developer/CommandLineTools/usr/bin/cc  -isysroot /Library/Developer/CommandLineTools/SDKs/MacOSX11.0.sdk -Wl,-search_paths_first -Wl,-headerpad_max_install_names CMakeFiles/cmTC_2cb88.dir/CheckSymbolExists.c.o -o cmTC_2cb88 


File /Users/maiwenn/Documents/projet/Shaderpixel/libs/fftw-3.3.10/CMakeFiles/CMakeTmp/CheckSymbolExists.c:
/* */
#include <stdlib.h>

int main(int argc, char** argv)
{
  (void)argv;
#ifndef posix_memalign
  return ((int*)(&posix_memalign))[argc];
#else
  (void)argc;
  return 0;
#endif
}
Determining if the mach_absolute_time exist passed with the following output:
Change Dir: /Users/maiwenn/Documents/projet/Shaderpixel/libs/fftw-3.3.10/CMakeFiles/CMakeTmp

Run Build Command(s):/usr/bin/make cmTC_72e18/fast && /Library/Developer/CommandLineTools/usr/bin/make  -f CMakeFiles/cmTC_72e18.dir/build.make CMakeFiles/cmTC_72e18.dir/build
Building C object CMakeFiles/cmTC_72e18.dir/CheckSymbolExists.c.o
/Library/Developer/CommandLineTools/usr/bin/cc   -isysroot /Library/Developer/CommandLineTools/SDKs/MacOSX11.0.sdk -o CMakeFiles/cmTC_72e18.dir/CheckSymbolExists.c.o -c /Users/maiwenn/Documents/projet/Shaderpixel/libs/fftw-3.3.10/CMakeFiles/CMakeTmp/CheckSymbolExists.c
Linking C executable cmTC_72e18
/usr/local/Cellar/cmake/3.19.3/bin/cmake -E cmake_link_script CMakeFiles/cmTC_72e18.dir/link.txt --verbose=1
/Library/Developer/CommandLineTools/usr/bin/cc  -isysroot /Library/Developer/CommandLineTools/SDKs/MacOSX11.0.sdk -Wl,-search_paths_first -Wl,-headerpad_max_install_names CMakeFiles/cmTC_72e18.dir/CheckSymbolExists.c.o -o cmTC_72e18 


File /Users/maiwenn/Documents/projet/Shaderpixel/libs/fftw-3.3.10/CMakeFiles/CMakeTmp/CheckSymbolExists.c:
/* */
#include <mach/mach_time.h>

int main(int argc, char** argv)
{
  (void)argv;
#ifndef mach_absolute_time
  return ((int*)(&mach_absolute_time))[argc];
#else
  (void)argc;
  return 0;
#endif
}
Determining if the alloca exist passed with the following output:
Change Dir: /Users/maiwenn/Documents/projet/Shaderpixel/libs/fftw-3.3.10/CMakeFiles/CMakeTmp

Run Build Command(s):/usr/bin/make cmTC_20351/fast && /Library/Developer/CommandLineTools/usr/bin/make  -f CMakeFiles/cmTC_20351.dir/build.make CMakeFiles/cmTC_20351.dir/build
Building C object CMakeFiles/cmTC_20351.dir/CheckSymbolExists.c.o
/Library/Developer/CommandLineTools/usr/bin/cc   -isysroot /Library/Developer/CommandLineTools/SDKs/MacOSX11.0.sdk -o CMakeFiles/cmTC_20351.dir/CheckSymbolExists.c.o -c /Users/maiwenn/Documents/projet/Shaderpixel/libs/fftw-3.3.10/CMakeFiles/CMakeTmp/CheckSymbolExists.c
Linking C executable cmTC_20351
/usr/local/Cellar/cmake/3.19.3/bin/cmake -E cmake_link_script CMakeFiles/cmTC_20351.dir/link.txt --verbose=1
/Library/Developer/CommandLineTools/usr/bin/cc  -isysroot /Library/Developer/CommandLineTools/SDKs/MacOSX11.0.sdk -Wl,-search_paths_first -Wl,-headerpad_max_install_names CMakeFiles/cmTC_20351.dir/CheckSymbolExists.c.o -o cmTC_20351 


File /Users/maiwenn/Documents/projet/Shaderpixel/libs/fftw-3.3.10/CMakeFiles/CMakeTmp/CheckSymbolExists.c:
/* */
#include <alloca.h>

int main(int argc, char** argv)
{
  (void)argv;
#ifndef alloca
  return ((int*)(&alloca))[argc];
#else
  (void)argc;
  return 0;
#endif
}
Determining if the isnan exist passed with the following output:
Change Dir: /Users/maiwenn/Documents/projet/Shaderpixel/libs/fftw-3.3.10/CMakeFiles/CMakeTmp

Run Build Command(s):/usr/bin/make cmTC_39013/fast && /Library/Developer/CommandLineTools/usr/bin/make  -f CMakeFiles/cmTC_39013.dir/build.make CMakeFiles/cmTC_39013.dir/build
Building C object CMakeFiles/cmTC_39013.dir/CheckSymbolExists.c.o
/Library/Developer/CommandLineTools/usr/bin/cc   -isysroot /Library/Developer/CommandLineTools/SDKs/MacOSX11.0.sdk -o CMakeFiles/cmTC_39013.dir/CheckSymbolExists.c.o -c /Users/maiwenn/Documents/projet/Shaderpixel/libs/fftw-3.3.10/CMakeFiles/CMakeTmp/CheckSymbolExists.c
Linking C executable cmTC_39013
/usr/local/Cellar/cmake/3.19.3/bin/cmake -E cmake_link_script CMakeFiles/cmTC_39013.dir/link.txt --verbose=1
/Library/Developer/CommandLineTools/usr/bin/cc  -isysroot /Library/Developer/CommandLineTools/SDKs/MacOSX11.0.sdk -Wl,-search_paths_first -Wl,-headerpad_max_install_names CMakeFiles/cmTC_39013.dir/CheckSymbolExists.c.o -o cmTC_39013 


File /Users/maiwenn/Documents/projet/Shaderpixel/libs/fftw-3.3.10/CMakeFiles/CMakeTmp/CheckSymbolExists.c:
/* */
#include <math.h>

int main(int argc, char** argv)
{
  (void)argv;
#ifndef isnan
  return ((int*)(&isnan))[argc];
#else
  (void)argc;
  return 0;
#endif
}
Determining if the snprintf exist passed with the following output:
Change Dir: /Users/maiwenn/Documents/projet/Shaderpixel/libs/fftw-3.3.10/CMakeFiles/CMakeTmp

Run Build Command(s):/usr/bin/make cmTC_59859/fast && /Library/Developer/CommandLineTools/usr/bin/make  -f CMakeFiles/cmTC_59859.dir/build.make CMakeFiles/cmTC_59859.dir/build
Building C object CMakeFiles/cmTC_59859.dir/CheckSymbolExists.c.o
/Library/Developer/CommandLineTools/usr/bin/cc   -isysroot /Library/Developer/CommandLineTools/SDKs/MacOSX11.0.sdk -o CMakeFiles/cmTC_59859.dir/CheckSymbolExists.c.o -c /Users/maiwenn/Documents/projet/Shaderpixel/libs/fftw-3.3.10/CMakeFiles/CMakeTmp/CheckSymbolExists.c
Linking C executable cmTC_59859
/usr/local/Cellar/cmake/3.19.3/bin/cmake -E cmake_link_script CMakeFiles/cmTC_59859.dir/link.txt --verbose=1
/Library/Developer/CommandLineTools/usr/bin/cc  -isysroot /Library/Developer/CommandLineTools/SDKs/MacOSX11.0.sdk -Wl,-search_paths_first -Wl,-headerpad_max_install_names CMakeFiles/cmTC_59859.dir/CheckSymbolExists.c.o -o cmTC_59859 


File /Users/maiwenn/Documents/projet/Shaderpixel/libs/fftw-3.3.10/CMakeFiles/CMakeTmp/CheckSymbolExists.c:
/* */
#include <stdio.h>

int main(int argc, char** argv)
{
  (void)argv;
#ifndef snprintf
  return ((int*)(&snprintf))[argc];
#else
  (void)argc;
  return 0;
#endif
}
Determining if the strchr exist passed with the following output:
Change Dir: /Users/maiwenn/Documents/projet/Shaderpixel/libs/fftw-3.3.10/CMakeFiles/CMakeTmp

Run Build Command(s):/usr/bin/make cmTC_63590/fast && /Library/Developer/CommandLineTools/usr/bin/make  -f CMakeFiles/cmTC_63590.dir/build.make CMakeFiles/cmTC_63590.dir/build
Building C object CMakeFiles/cmTC_63590.dir/CheckSymbolExists.c.o
/Library/Developer/CommandLineTools/usr/bin/cc   -isysroot /Library/Developer/CommandLineTools/SDKs/MacOSX11.0.sdk -o CMakeFiles/cmTC_63590.dir/CheckSymbolExists.c.o -c /Users/maiwenn/Documents/projet/Shaderpixel/libs/fftw-3.3.10/CMakeFiles/CMakeTmp/CheckSymbolExists.c
Linking C executable cmTC_63590
/usr/local/Cellar/cmake/3.19.3/bin/cmake -E cmake_link_script CMakeFiles/cmTC_63590.dir/link.txt --verbose=1
/Library/Developer/CommandLineTools/usr/bin/cc  -isysroot /Library/Developer/CommandLineTools/SDKs/MacOSX11.0.sdk -Wl,-search_paths_first -Wl,-headerpad_max_install_names CMakeFiles/cmTC_63590.dir/CheckSymbolExists.c.o -o cmTC_63590 


File /Users/maiwenn/Documents/projet/Shaderpixel/libs/fftw-3.3.10/CMakeFiles/CMakeTmp/CheckSymbolExists.c:
/* */
#include <string.h>

int main(int argc, char** argv)
{
  (void)argv;
#ifndef strchr
  return ((int*)(&strchr))[argc];
#else
  (void)argc;
  return 0;
#endif
}
Determining if the cosl exist passed with the following output:
Change Dir: /Users/maiwenn/Documents/projet/Shaderpixel/libs/fftw-3.3.10/CMakeFiles/CMakeTmp

Run Build Command(s):/usr/bin/make cmTC_fdb1a/fast && /Library/Developer/CommandLineTools/usr/bin/make  -f CMakeFiles/cmTC_fdb1a.dir/build.make CMakeFiles/cmTC_fdb1a.dir/build
Building C object CMakeFiles/cmTC_fdb1a.dir/CheckSymbolExists.c.o
/Library/Developer/CommandLineTools/usr/bin/cc   -isysroot /Library/Developer/CommandLineTools/SDKs/MacOSX11.0.sdk -o CMakeFiles/cmTC_fdb1a.dir/CheckSymbolExists.c.o -c /Users/maiwenn/Documents/projet/Shaderpixel/libs/fftw-3.3.10/CMakeFiles/CMakeTmp/CheckSymbolExists.c
Linking C executable cmTC_fdb1a
/usr/local/Cellar/cmake/3.19.3/bin/cmake -E cmake_link_script CMakeFiles/cmTC_fdb1a.dir/link.txt --verbose=1
/Library/Developer/CommandLineTools/usr/bin/cc  -isysroot /Library/Developer/CommandLineTools/SDKs/MacOSX11.0.sdk -Wl,-search_paths_first -Wl,-headerpad_max_install_names CMakeFiles/cmTC_fdb1a.dir/CheckSymbolExists.c.o -o cmTC_fdb1a  -lm 


File /Users/maiwenn/Documents/projet/Shaderpixel/libs/fftw-3.3.10/CMakeFiles/CMakeTmp/CheckSymbolExists.c:
/* */
#include <math.h>

int main(int argc, char** argv)
{
  (void)argv;
#ifndef cosl
  return ((int*)(&cosl))[argc];
#else
  (void)argc;
  return 0;
#endif
}
Determining if the sinl exist passed with the following output:
Change Dir: /Users/maiwenn/Documents/projet/Shaderpixel/libs/fftw-3.3.10/CMakeFiles/CMakeTmp

Run Build Command(s):/usr/bin/make cmTC_34b8b/fast && /Library/Developer/CommandLineTools/usr/bin/make  -f CMakeFiles/cmTC_34b8b.dir/build.make CMakeFiles/cmTC_34b8b.dir/build
Building C object CMakeFiles/cmTC_34b8b.dir/CheckSymbolExists.c.o
/Library/Developer/CommandLineTools/usr/bin/cc   -isysroot /Library/Developer/CommandLineTools/SDKs/MacOSX11.0.sdk -o CMakeFiles/cmTC_34b8b.dir/CheckSymbolExists.c.o -c /Users/maiwenn/Documents/projet/Shaderpixel/libs/fftw-3.3.10/CMakeFiles/CMakeTmp/CheckSymbolExists.c
Linking C executable cmTC_34b8b
/usr/local/Cellar/cmake/3.19.3/bin/cmake -E cmake_link_script CMakeFiles/cmTC_34b8b.dir/link.txt --verbose=1
/Library/Developer/CommandLineTools/usr/bin/cc  -isysroot /Library/Developer/CommandLineTools/SDKs/MacOSX11.0.sdk -Wl,-search_paths_first -Wl,-headerpad_max_install_names CMakeFiles/cmTC_34b8b.dir/CheckSymbolExists.c.o -o cmTC_34b8b  -lm 


File /Users/maiwenn/Documents/projet/Shaderpixel/libs/fftw-3.3.10/CMakeFiles/CMakeTmp/CheckSymbolExists.c:
/* */
#include <math.h>

int main(int argc, char** argv)
{
  (void)argv;
#ifndef sinl
  return ((int*)(&sinl))[argc];
#else
  (void)argc;
  return 0;
#endif
}
Determining size of float passed with the following output:
Change Dir: /Users/maiwenn/Documents/projet/Shaderpixel/libs/fftw-3.3.10/CMakeFiles/CMakeTmp

Run Build Command(s):/usr/bin/make cmTC_1cc53/fast && /Library/Developer/CommandLineTools/usr/bin/make  -f CMakeFiles/cmTC_1cc53.dir/build.make CMakeFiles/cmTC_1cc53.dir/build
Building C object CMakeFiles/cmTC_1cc53.dir/SIZEOF_FLOAT.c.o
/Library/Developer/CommandLineTools/usr/bin/cc   -isysroot /Library/Developer/CommandLineTools/SDKs/MacOSX11.0.sdk -o CMakeFiles/cmTC_1cc53.dir/SIZEOF_FLOAT.c.o -c /Users/maiwenn/Documents/projet/Shaderpixel/libs/fftw-3.3.10/CMakeFiles/CheckTypeSize/SIZEOF_FLOAT.c
Linking C executable cmTC_1cc53
/usr/local/Cellar/cmake/3.19.3/bin/cmake -E cmake_link_script CMakeFiles/cmTC_1cc53.dir/link.txt --verbose=1
/Library/Developer/CommandLineTools/usr/bin/cc  -isysroot /Library/Developer/CommandLineTools/SDKs/MacOSX11.0.sdk -Wl,-search_paths_first -Wl,-headerpad_max_install_names CMakeFiles/cmTC_1cc53.dir/SIZEOF_FLOAT.c.o -o cmTC_1cc53  -lm 



Determining size of double passed with the following output:
Change Dir: /Users/maiwenn/Documents/projet/Shaderpixel/libs/fftw-3.3.10/CMakeFiles/CMakeTmp

Run Build Command(s):/usr/bin/make cmTC_13f20/fast && /Library/Developer/CommandLineTools/usr/bin/make  -f CMakeFiles/cmTC_13f20.dir/build.make CMakeFiles/cmTC_13f20.dir/build
Building C object CMakeFiles/cmTC_13f20.dir/SIZEOF_DOUBLE.c.o
/Library/Developer/CommandLineTools/usr/bin/cc   -isysroot /Library/Developer/CommandLineTools/SDKs/MacOSX11.0.sdk -o CMakeFiles/cmTC_13f20.dir/SIZEOF_DOUBLE.c.o -c /Users/maiwenn/Documents/projet/Shaderpixel/libs/fftw-3.3.10/CMakeFiles/CheckTypeSize/SIZEOF_DOUBLE.c
Linking C executable cmTC_13f20
/usr/local/Cellar/cmake/3.19.3/bin/cmake -E cmake_link_script CMakeFiles/cmTC_13f20.dir/link.txt --verbose=1
/Library/Developer/CommandLineTools/usr/bin/cc  -isysroot /Library/Developer/CommandLineTools/SDKs/MacOSX11.0.sdk -Wl,-search_paths_first -Wl,-headerpad_max_install_names CMakeFiles/cmTC_13f20.dir/SIZEOF_DOUBLE.c.o -o cmTC_13f20  -lm 



Determining size of int passed with the following output:
Change Dir: /Users/maiwenn/Documents/projet/Shaderpixel/libs/fftw-3.3.10/CMakeFiles/CMakeTmp

Run Build Command(s):/usr/bin/make cmTC_086c4/fast && /Library/Developer/CommandLineTools/usr/bin/make  -f CMakeFiles/cmTC_086c4.dir/build.make CMakeFiles/cmTC_086c4.dir/build
Building C object CMakeFiles/cmTC_086c4.dir/SIZEOF_INT.c.o
/Library/Developer/CommandLineTools/usr/bin/cc   -isysroot /Library/Developer/CommandLineTools/SDKs/MacOSX11.0.sdk -o CMakeFiles/cmTC_086c4.dir/SIZEOF_INT.c.o -c /Users/maiwenn/Documents/projet/Shaderpixel/libs/fftw-3.3.10/CMakeFiles/CheckTypeSize/SIZEOF_INT.c
Linking C executable cmTC_086c4
/usr/local/Cellar/cmake/3.19.3/bin/cmake -E cmake_link_script CMakeFiles/cmTC_086c4.dir/link.txt --verbose=1
/Library/Developer/CommandLineTools/usr/bin/cc  -isysroot /Library/Developer/CommandLineTools/SDKs/MacOSX11.0.sdk -Wl,-search_paths_first -Wl,-headerpad_max_install_names CMakeFiles/cmTC_086c4.dir/SIZEOF_INT.c.o -o cmTC_086c4  -lm 



Determining size of long passed with the following output:
Change Dir: /Users/maiwenn/Documents/projet/Shaderpixel/libs/fftw-3.3.10/CMakeFiles/CMakeTmp

Run Build Command(s):/usr/bin/make cmTC_35629/fast && /Library/Developer/CommandLineTools/usr/bin/make  -f CMakeFiles/cmTC_35629.dir/build.make CMakeFiles/cmTC_35629.dir/build
Building C object CMakeFiles/cmTC_35629.dir/SIZEOF_LONG.c.o
/Library/Developer/CommandLineTools/usr/bin/cc   -isysroot /Library/Developer/CommandLineTools/SDKs/MacOSX11.0.sdk -o CMakeFiles/cmTC_35629.dir/SIZEOF_LONG.c.o -c /Users/maiwenn/Documents/projet/Shaderpixel/libs/fftw-3.3.10/CMakeFiles/CheckTypeSize/SIZEOF_LONG.c
Linking C executable cmTC_35629
/usr/local/Cellar/cmake/3.19.3/bin/cmake -E cmake_link_script CMakeFiles/cmTC_35629.dir/link.txt --verbose=1
/Library/Developer/CommandLineTools/usr/bin/cc  -isysroot /Library/Developer/CommandLineTools/SDKs/MacOSX11.0.sdk -Wl,-search_paths_first -Wl,-headerpad_max_install_names CMakeFiles/cmTC_35629.dir/SIZEOF_LONG.c.o -o cmTC_35629  -lm 



Determining size of long long passed with the following output:
Change Dir: /Users/maiwenn/Documents/projet/Shaderpixel/libs/fftw-3.3.10/CMakeFiles/CMakeTmp

Run Build Command(s):/usr/bin/make cmTC_c9635/fast && /Library/Developer/CommandLineTools/usr/bin/make  -f CMakeFiles/cmTC_c9635.dir/build.make CMakeFiles/cmTC_c9635.dir/build
Building C object CMakeFiles/cmTC_c9635.dir/SIZEOF_LONG_LONG.c.o
/Library/Developer/CommandLineTools/usr/bin/cc   -isysroot /Library/Developer/CommandLineTools/SDKs/MacOSX11.0.sdk -o CMakeFiles/cmTC_c9635.dir/SIZEOF_LONG_LONG.c.o -c /Users/maiwenn/Documents/projet/Shaderpixel/libs/fftw-3.3.10/CMakeFiles/CheckTypeSize/SIZEOF_LONG_LONG.c
Linking C executable cmTC_c9635
/usr/local/Cellar/cmake/3.19.3/bin/cmake -E cmake_link_script CMakeFiles/cmTC_c9635.dir/link.txt --verbose=1
/Library/Developer/CommandLineTools/usr/bin/cc  -isysroot /Library/Developer/CommandLineTools/SDKs/MacOSX11.0.sdk -Wl,-search_paths_first -Wl,-headerpad_max_install_names CMakeFiles/cmTC_c9635.dir/SIZEOF_LONG_LONG.c.o -o cmTC_c9635  -lm 



Determining size of unsigned int passed with the following output:
Change Dir: /Users/maiwenn/Documents/projet/Shaderpixel/libs/fftw-3.3.10/CMakeFiles/CMakeTmp

Run Build Command(s):/usr/bin/make cmTC_01d89/fast && /Library/Developer/CommandLineTools/usr/bin/make  -f CMakeFiles/cmTC_01d89.dir/build.make CMakeFiles/cmTC_01d89.dir/build
Building C object CMakeFiles/cmTC_01d89.dir/SIZEOF_UNSIGNED_INT.c.o
/Library/Developer/CommandLineTools/usr/bin/cc   -isysroot /Library/Developer/CommandLineTools/SDKs/MacOSX11.0.sdk -o CMakeFiles/cmTC_01d89.dir/SIZEOF_UNSIGNED_INT.c.o -c /Users/maiwenn/Documents/projet/Shaderpixel/libs/fftw-3.3.10/CMakeFiles/CheckTypeSize/SIZEOF_UNSIGNED_INT.c
Linking C executable cmTC_01d89
/usr/local/Cellar/cmake/3.19.3/bin/cmake -E cmake_link_script CMakeFiles/cmTC_01d89.dir/link.txt --verbose=1
/Library/Developer/CommandLineTools/usr/bin/cc  -isysroot /Library/Developer/CommandLineTools/SDKs/MacOSX11.0.sdk -Wl,-search_paths_first -Wl,-headerpad_max_install_names CMakeFiles/cmTC_01d89.dir/SIZEOF_UNSIGNED_INT.c.o -o cmTC_01d89  -lm 



Determining size of unsigned long passed with the following output:
Change Dir: /Users/maiwenn/Documents/projet/Shaderpixel/libs/fftw-3.3.10/CMakeFiles/CMakeTmp

Run Build Command(s):/usr/bin/make cmTC_e9534/fast && /Library/Developer/CommandLineTools/usr/bin/make  -f CMakeFiles/cmTC_e9534.dir/build.make CMakeFiles/cmTC_e9534.dir/build
Building C object CMakeFiles/cmTC_e9534.dir/SIZEOF_UNSIGNED_LONG.c.o
/Library/Developer/CommandLineTools/usr/bin/cc   -isysroot /Library/Developer/CommandLineTools/SDKs/MacOSX11.0.sdk -o CMakeFiles/cmTC_e9534.dir/SIZEOF_UNSIGNED_LONG.c.o -c /Users/maiwenn/Documents/projet/Shaderpixel/libs/fftw-3.3.10/CMakeFiles/CheckTypeSize/SIZEOF_UNSIGNED_LONG.c
Linking C executable cmTC_e9534
/usr/local/Cellar/cmake/3.19.3/bin/cmake -E cmake_link_script CMakeFiles/cmTC_e9534.dir/link.txt --verbose=1
/Library/Developer/CommandLineTools/usr/bin/cc  -isysroot /Library/Developer/CommandLineTools/SDKs/MacOSX11.0.sdk -Wl,-search_paths_first -Wl,-headerpad_max_install_names CMakeFiles/cmTC_e9534.dir/SIZEOF_UNSIGNED_LONG.c.o -o cmTC_e9534  -lm 



Determining size of unsigned long long passed with the following output:
Change Dir: /Users/maiwenn/Documents/projet/Shaderpixel/libs/fftw-3.3.10/CMakeFiles/CMakeTmp

Run Build Command(s):/usr/bin/make cmTC_03153/fast && /Library/Developer/CommandLineTools/usr/bin/make  -f CMakeFiles/cmTC_03153.dir/build.make CMakeFiles/cmTC_03153.dir/build
Building C object CMakeFiles/cmTC_03153.dir/SIZEOF_UNSIGNED_LONG_LONG.c.o
/Library/Developer/CommandLineTools/usr/bin/cc   -isysroot /Library/Developer/CommandLineTools/SDKs/MacOSX11.0.sdk -o CMakeFiles/cmTC_03153.dir/SIZEOF_UNSIGNED_LONG_LONG.c.o -c /Users/maiwenn/Documents/projet/Shaderpixel/libs/fftw-3.3.10/CMakeFiles/CheckTypeSize/SIZEOF_UNSIGNED_LONG_LONG.c
Linking C executable cmTC_03153
/usr/local/Cellar/cmake/3.19.3/bin/cmake -E cmake_link_script CMakeFiles/cmTC_03153.dir/link.txt --verbose=1
/Library/Developer/CommandLineTools/usr/bin/cc  -isysroot /Library/Developer/CommandLineTools/SDKs/MacOSX11.0.sdk -Wl,-search_paths_first -Wl,-headerpad_max_install_names CMakeFiles/cmTC_03153.dir/SIZEOF_UNSIGNED_LONG_LONG.c.o -o cmTC_03153  -lm 



Determining size of size_t passed with the following output:
Change Dir: /Users/maiwenn/Documents/projet/Shaderpixel/libs/fftw-3.3.10/CMakeFiles/CMakeTmp

Run Build Command(s):/usr/bin/make cmTC_acbd9/fast && /Library/Developer/CommandLineTools/usr/bin/make  -f CMakeFiles/cmTC_acbd9.dir/build.make CMakeFiles/cmTC_acbd9.dir/build
Building C object CMakeFiles/cmTC_acbd9.dir/SIZEOF_SIZE_T.c.o
/Library/Developer/CommandLineTools/usr/bin/cc   -isysroot /Library/Developer/CommandLineTools/SDKs/MacOSX11.0.sdk -o CMakeFiles/cmTC_acbd9.dir/SIZEOF_SIZE_T.c.o -c /Users/maiwenn/Documents/projet/Shaderpixel/libs/fftw-3.3.10/CMakeFiles/CheckTypeSize/SIZEOF_SIZE_T.c
Linking C executable cmTC_acbd9
/usr/local/Cellar/cmake/3.19.3/bin/cmake -E cmake_link_script CMakeFiles/cmTC_acbd9.dir/link.txt --verbose=1
/Library/Developer/CommandLineTools/usr/bin/cc  -isysroot /Library/Developer/CommandLineTools/SDKs/MacOSX11.0.sdk -Wl,-search_paths_first -Wl,-headerpad_max_install_names CMakeFiles/cmTC_acbd9.dir/SIZEOF_SIZE_T.c.o -o cmTC_acbd9  -lm 



Determining size of ptrdiff_t passed with the following output:
Change Dir: /Users/maiwenn/Documents/projet/Shaderpixel/libs/fftw-3.3.10/CMakeFiles/CMakeTmp

Run Build Command(s):/usr/bin/make cmTC_e47c1/fast && /Library/Developer/CommandLineTools/usr/bin/make  -f CMakeFiles/cmTC_e47c1.dir/build.make CMakeFiles/cmTC_e47c1.dir/build
Building C object CMakeFiles/cmTC_e47c1.dir/SIZEOF_PTRDIFF_T.c.o
/Library/Developer/CommandLineTools/usr/bin/cc   -isysroot /Library/Developer/CommandLineTools/SDKs/MacOSX11.0.sdk -o CMakeFiles/cmTC_e47c1.dir/SIZEOF_PTRDIFF_T.c.o -c /Users/maiwenn/Documents/projet/Shaderpixel/libs/fftw-3.3.10/CMakeFiles/CheckTypeSize/SIZEOF_PTRDIFF_T.c
Linking C executable cmTC_e47c1
/usr/local/Cellar/cmake/3.19.3/bin/cmake -E cmake_link_script CMakeFiles/cmTC_e47c1.dir/link.txt --verbose=1
/Library/Developer/CommandLineTools/usr/bin/cc  -isysroot /Library/Developer/CommandLineTools/SDKs/MacOSX11.0.sdk -Wl,-search_paths_first -Wl,-headerpad_max_install_names CMakeFiles/cmTC_e47c1.dir/SIZEOF_PTRDIFF_T.c.o -o cmTC_e47c1  -lm 



